;  LST file generated by mikroListExporter - v.2.0 
; Date/Time: 19/03/2021 13:46:56
;----------------------------------------------

;Address Opcode 	ASM
0x0000	0x2BF8      	GOTO       1016
_interrupt:
0x0004	0x00FF      	MOVWF      R15
0x0005	0x0E03      	SWAPF      STATUS, 0
0x0006	0x0183      	CLRF       STATUS
0x0007	0x00BB      	MOVWF      ___saveSTATUS
0x0008	0x080A      	MOVF       PCLATH, 0
0x0009	0x00BA      	MOVWF      ___savePCLATH
0x000A	0x018A      	CLRF       PCLATH
0x000B	0x0870      	MOVF       R0, 0
0x000C	0x00A4      	MOVWF      36
0x000D	0x0871      	MOVF       R1, 0
0x000E	0x00A3      	MOVWF      35
0x000F	0x0872      	MOVF       R2, 0
0x0010	0x00A2      	MOVWF      34
0x0011	0x0873      	MOVF       R3, 0
0x0012	0x00A1      	MOVWF      33
;radar.c,56 :: 		void interrupt(void)
;radar.c,59 :: 		if (PIR1.TMR1IF == 1)
0x0013	0x1C0C      	BTFSS      PIR1, 0
0x0014	0x2833      	GOTO       L_interrupt0
;radar.c,61 :: 		TMR1H = 0xFC; // Reinicia o timer para 64536 -> 0.0002s
0x0015	0x30FC      	MOVLW      252
0x0016	0x008F      	MOVWF      TMR1H
;radar.c,62 :: 		TMR1L = 0x18;
0x0017	0x3018      	MOVLW      24
0x0018	0x008E      	MOVWF      TMR1L
;radar.c,64 :: 		tmr1++;                  // Incrementa a cada estouro (0.0002s)
0x0019	0x0826      	MOVF       _tmr1, 0
0x001A	0x00F0      	MOVWF      R0
0x001B	0x0827      	MOVF       _tmr1+1, 0
0x001C	0x00F1      	MOVWF      R0+1
0x001D	0x0828      	MOVF       _tmr1+2, 0
0x001E	0x00F2      	MOVWF      R0+2
0x001F	0x0829      	MOVF       _tmr1+3, 0
0x0020	0x00F3      	MOVWF      R0+3
0x0021	0x0AF0      	INCF       R0, 1
0x0022	0x1903      	BTFSC      STATUS, 2
0x0023	0x0AF1      	INCF       R0+1, 1
0x0024	0x1903      	BTFSC      STATUS, 2
0x0025	0x0AF2      	INCF       R0+2, 1
0x0026	0x1903      	BTFSC      STATUS, 2
0x0027	0x0AF3      	INCF       R0+3, 1
0x0028	0x0870      	MOVF       R0, 0
0x0029	0x00A6      	MOVWF      _tmr1
0x002A	0x0871      	MOVF       R0+1, 0
0x002B	0x00A7      	MOVWF      _tmr1+1
0x002C	0x0872      	MOVF       R0+2, 0
0x002D	0x00A8      	MOVWF      _tmr1+2
0x002E	0x0873      	MOVF       R0+3, 0
0x002F	0x00A9      	MOVWF      _tmr1+3
;radar.c,65 :: 		PORTD.RD0 = ~PORTD.RD0;  // Pino para calibrar o timer (debug)
0x0030	0x3001      	MOVLW      1
0x0031	0x0688      	XORWF      PORTD, 1
;radar.c,67 :: 		PIR1.TMR1IF = 0; // Limpa o flag da interrupção
0x0032	0x100C      	BCF        PIR1, 0
;radar.c,68 :: 		}
L_interrupt0:
;radar.c,71 :: 		if (INTCON.RBIF == 1)
0x0033	0x1C0B      	BTFSS      INTCON, 0
0x0034	0x2866      	GOTO       L_interrupt1
;radar.c,73 :: 		if (SENSOR1 == SENSOR_ON && (state == IDLE || state == WAIT1))
0x0035	0x1E06      	BTFSS      PORTB, 4
0x0036	0x284C      	GOTO       L_interrupt6
0x0037	0x082E      	MOVF       _state, 0
0x0038	0x3A00      	XORLW      0
0x0039	0x1903      	BTFSC      STATUS, 2
0x003A	0x2840      	GOTO       L__interrupt51
0x003B	0x082E      	MOVF       _state, 0
0x003C	0x3A03      	XORLW      3
0x003D	0x1903      	BTFSC      STATUS, 2
0x003E	0x2840      	GOTO       L__interrupt51
0x003F	0x284C      	GOTO       L_interrupt6
L__interrupt51:
L__interrupt50:
;radar.c,75 :: 		ticks1 = tmr1;
0x0040	0x0826      	MOVF       _tmr1, 0
0x0041	0x00AA      	MOVWF      _ticks1
0x0042	0x0827      	MOVF       _tmr1+1, 0
0x0043	0x00AB      	MOVWF      _ticks1+1
0x0044	0x0828      	MOVF       _tmr1+2, 0
0x0045	0x00AC      	MOVWF      _ticks1+2
0x0046	0x0829      	MOVF       _tmr1+3, 0
0x0047	0x00AD      	MOVWF      _ticks1+3
;radar.c,76 :: 		state = READ1;
0x0048	0x3001      	MOVLW      1
0x0049	0x00AE      	MOVWF      _state
;radar.c,78 :: 		PORTD.RD1 = ~PORTD.RD1; // Pino para verificar a interrupção (debug)
0x004A	0x3002      	MOVLW      2
0x004B	0x0688      	XORWF      PORTD, 1
;radar.c,79 :: 		}
L_interrupt6:
;radar.c,81 :: 		if (SENSOR2 == SENSOR_ON && (state == IDLE || state == WAIT2))
0x004C	0x1E86      	BTFSS      PORTB, 5
0x004D	0x2863      	GOTO       L_interrupt11
0x004E	0x082E      	MOVF       _state, 0
0x004F	0x3A00      	XORLW      0
0x0050	0x1903      	BTFSC      STATUS, 2
0x0051	0x2857      	GOTO       L__interrupt49
0x0052	0x082E      	MOVF       _state, 0
0x0053	0x3A04      	XORLW      4
0x0054	0x1903      	BTFSC      STATUS, 2
0x0055	0x2857      	GOTO       L__interrupt49
0x0056	0x2863      	GOTO       L_interrupt11
L__interrupt49:
L__interrupt48:
;radar.c,83 :: 		ticks2 = tmr1;
0x0057	0x0826      	MOVF       _tmr1, 0
0x0058	0x00AF      	MOVWF      _ticks2
0x0059	0x0827      	MOVF       _tmr1+1, 0
0x005A	0x00B0      	MOVWF      _ticks2+1
0x005B	0x0828      	MOVF       _tmr1+2, 0
0x005C	0x00B1      	MOVWF      _ticks2+2
0x005D	0x0829      	MOVF       _tmr1+3, 0
0x005E	0x00B2      	MOVWF      _ticks2+3
;radar.c,84 :: 		state = READ2;
0x005F	0x3002      	MOVLW      2
0x0060	0x00AE      	MOVWF      _state
;radar.c,86 :: 		PORTD.RD2 = ~PORTD.RD2; // Pino para verificar a interrupção (debug)
0x0061	0x3004      	MOVLW      4
0x0062	0x0688      	XORWF      PORTD, 1
;radar.c,87 :: 		}
L_interrupt11:
;radar.c,89 :: 		temp = PORTB;    // Necessário para zerar a interrupção
0x0063	0x0806      	MOVF       PORTB, 0
0x0064	0x00A5      	MOVWF      _temp
;radar.c,90 :: 		INTCON.RBIF = 0; // Limpa o flag da interrupção
0x0065	0x100B      	BCF        INTCON, 0
;radar.c,91 :: 		}
L_interrupt1:
;radar.c,92 :: 		}
L_end_interrupt:
L__interrupt54:
0x0066	0x0824      	MOVF       36, 0
0x0067	0x00F0      	MOVWF      R0
0x0068	0x0823      	MOVF       35, 0
0x0069	0x00F1      	MOVWF      R1
0x006A	0x0822      	MOVF       34, 0
0x006B	0x00F2      	MOVWF      R2
0x006C	0x0821      	MOVF       33, 0
0x006D	0x00F3      	MOVWF      R3
0x006E	0x083A      	MOVF       ___savePCLATH, 0
0x006F	0x008A      	MOVWF      PCLATH
0x0070	0x0E3B      	SWAPF      ___saveSTATUS, 0
0x0071	0x0083      	MOVWF      STATUS
0x0072	0x0EFF      	SWAPF      R15, 1
0x0073	0x0E7F      	SWAPF      R15, 0
0x0074	0x0009      	RETFIE
; end of _interrupt
_RES032:
;__Lib_MathDouble.c,123 :: 		
;__Lib_MathDouble.c,128 :: 		
0x0075	0x01F2      	CLRF       R2
;__Lib_MathDouble.c,129 :: 		
0x0076	0x01F1      	CLRF       R1
;__Lib_MathDouble.c,130 :: 		
0x0077	0x01F0      	CLRF       R0
;__Lib_MathDouble.c,131 :: 		
0x0078	0x01F8      	CLRF       R8
;__Lib_MathDouble.c,132 :: 		
0x0079	0x01F3      	CLRF       R3
;__Lib_MathDouble.c,133 :: 		
0x007A	0x3000      	MOVLW      0
;__Lib_MathDouble.c,135 :: 		
L_end_RES032:
0x007B	0x0008      	RETURN
; end of _RES032
_SETFUN32:
;__Lib_MathDouble.c,138 :: 		
;__Lib_MathDouble.c,145 :: 		
0x007C	0x157B      	BSF        R11, 2
;__Lib_MathDouble.c,146 :: 		
0x007D	0x1FFB      	BTFSS      R11, 7
;__Lib_MathDouble.c,147 :: 		
0x007E	0x2886      	GOTO       SETFUN32EEE
;__Lib_MathDouble.c,148 :: 		
0x007F	0x3001      	MOVLW      1
;__Lib_MathDouble.c,149 :: 		
0x0080	0x00F3      	MOVWF      R3
;__Lib_MathDouble.c,150 :: 		
0x0081	0x01F2      	CLRF       R2
;__Lib_MathDouble.c,151 :: 		
0x0082	0x01F1      	CLRF       R1
;__Lib_MathDouble.c,152 :: 		
0x0083	0x01F0      	CLRF       R0
;__Lib_MathDouble.c,153 :: 		
0x0084	0x0DFA      	RLF        R10, 1
;__Lib_MathDouble.c,154 :: 		
0x0085	0x0CF2      	RRF        R2, 1
;__Lib_MathDouble.c,155 :: 		
SETFUN32EEE:
;__Lib_MathDouble.c,156 :: 		
0x0086	0x30FF      	MOVLW      255
;__Lib_MathDouble.c,158 :: 		
L_end_SETFUN32:
0x0087	0x0008      	RETURN
; end of _SETFUN32
_FIXSIGN32:
;__Lib_MathDouble.c,112 :: 		
;__Lib_MathDouble.c,116 :: 		
0x0088	0x1FFA      	BTFSS      R10, 7
;__Lib_MathDouble.c,117 :: 		
0x0089	0x13F2      	BCF        R2, 7
;__Lib_MathDouble.c,118 :: 		
0x008A	0x3000      	MOVLW      0
;__Lib_MathDouble.c,120 :: 		
L_end_FIXSIGN32:
0x008B	0x0008      	RETURN
; end of _FIXSIGN32
_SETFOV32:
;__Lib_MathDouble.c,79 :: 		
;__Lib_MathDouble.c,86 :: 		
0x008C	0x14FB      	BSF        R11, 1
;__Lib_MathDouble.c,87 :: 		
0x008D	0x1FFB      	BTFSS      R11, 7
;__Lib_MathDouble.c,88 :: 		
0x008E	0x2896      	GOTO       SETFOV32EEE
;__Lib_MathDouble.c,89 :: 		
0x008F	0x30FF      	MOVLW      255
;__Lib_MathDouble.c,90 :: 		
0x0090	0x00F3      	MOVWF      R3
;__Lib_MathDouble.c,91 :: 		
0x0091	0x00F2      	MOVWF      R2
;__Lib_MathDouble.c,92 :: 		
0x0092	0x00F1      	MOVWF      R1
;__Lib_MathDouble.c,93 :: 		
0x0093	0x00F0      	MOVWF      R0
;__Lib_MathDouble.c,94 :: 		
0x0094	0x0DFA      	RLF        R10, 1
;__Lib_MathDouble.c,95 :: 		
0x0095	0x0CF2      	RRF        R2, 1
;__Lib_MathDouble.c,96 :: 		
SETFOV32EEE:
;__Lib_MathDouble.c,97 :: 		
0x0096	0x30FF      	MOVLW      255
;__Lib_MathDouble.c,99 :: 		
L_end_SETFOV32:
0x0097	0x0008      	RETURN
; end of _SETFOV32
_NRM3232:
;__Lib_MathDouble.c,167 :: 		
;__Lib_MathDouble.c,173 :: 		
;__Lib_MathDouble.c,175 :: 		
0x0098	0x01A0      	CLRF       __math_tempbD
;__Lib_MathDouble.c,176 :: 		
0x0099	0x0872      	MOVF       R2, 0
;__Lib_MathDouble.c,177 :: 		
0x009A	0x1D03      	BTFSS      STATUS, 2
;__Lib_MathDouble.c,178 :: 		
0x009B	0x28AD      	GOTO       NORM3232
;__Lib_MathDouble.c,179 :: 		
0x009C	0x0871      	MOVF       R1, 0
;__Lib_MathDouble.c,180 :: 		
0x009D	0x00F2      	MOVWF      R2
;__Lib_MathDouble.c,181 :: 		
0x009E	0x0870      	MOVF       R0, 0
;__Lib_MathDouble.c,182 :: 		
0x009F	0x00F1      	MOVWF      R1
;__Lib_MathDouble.c,183 :: 		
0x00A0	0x01F0      	CLRF       R0
;__Lib_MathDouble.c,184 :: 		
0x00A1	0x15A0      	BSF        __math_tempbD, 3
;__Lib_MathDouble.c,186 :: 		
0x00A2	0x0872      	MOVF       R2, 0
;__Lib_MathDouble.c,187 :: 		
0x00A3	0x1D03      	BTFSS      STATUS, 2
;__Lib_MathDouble.c,188 :: 		
0x00A4	0x28AD      	GOTO       NORM3232
;__Lib_MathDouble.c,189 :: 		
0x00A5	0x0871      	MOVF       R1, 0
;__Lib_MathDouble.c,190 :: 		
0x00A6	0x00F2      	MOVWF      R2
;__Lib_MathDouble.c,191 :: 		
0x00A7	0x01F1      	CLRF       R1
;__Lib_MathDouble.c,192 :: 		
0x00A8	0x11A0      	BCF        __math_tempbD, 3
;__Lib_MathDouble.c,193 :: 		
0x00A9	0x1620      	BSF        __math_tempbD, 4
;__Lib_MathDouble.c,195 :: 		
0x00AA	0x0872      	MOVF       R2, 0
;__Lib_MathDouble.c,196 :: 		
0x00AB	0x1903      	BTFSC      STATUS, 2
;__Lib_MathDouble.c,197 :: 		
0x00AC	0x28BB      	GOTO       JPNRES032
;__Lib_MathDouble.c,198 :: 		
NORM3232:
;__Lib_MathDouble.c,199 :: 		
0x00AD	0x0820      	MOVF       __math_tempbD, 0
;__Lib_MathDouble.c,200 :: 		
0x00AE	0x02F3      	SUBWF      R3, 1
;__Lib_MathDouble.c,201 :: 		
0x00AF	0x1D03      	BTFSS      STATUS, 2
;__Lib_MathDouble.c,202 :: 		
0x00B0	0x1C03      	BTFSS      STATUS, 0
;__Lib_MathDouble.c,203 :: 		
0x00B1	0x28BF      	GOTO       JPNSETFUN32
;__Lib_MathDouble.c,204 :: 		
0x00B2	0x1003      	BCF        STATUS, 0
;__Lib_MathDouble.c,205 :: 		
NORM3232A:
;__Lib_MathDouble.c,206 :: 		
0x00B3	0x1BF2      	BTFSC      R2, 7
;__Lib_MathDouble.c,207 :: 		
0x00B4	0x28C3      	GOTO       JMPNFIXSIGN32
;__Lib_MathDouble.c,208 :: 		
0x00B5	0x0DF0      	RLF        R0, 1
;__Lib_MathDouble.c,209 :: 		
0x00B6	0x0DF1      	RLF        R1, 1
;__Lib_MathDouble.c,210 :: 		
0x00B7	0x0DF2      	RLF        R2, 1
;__Lib_MathDouble.c,211 :: 		
0x00B8	0x0BF3      	DECFSZ     R3, 1
;__Lib_MathDouble.c,212 :: 		
0x00B9	0x28B3      	GOTO       NORM3232A
;__Lib_MathDouble.c,213 :: 		
0x00BA	0x28BF      	GOTO       JPNSETFUN32
;__Lib_MathDouble.c,214 :: 		
JPNRES032:
;__Lib_MathDouble.c,215 :: 		
0x00BB	0x3001      	MOVLW      1
;__Lib_MathDouble.c,216 :: 		
0x00BC	0x00FC      	MOVWF      R12
;__Lib_MathDouble.c,218 :: 		
0x00BD	0x2075      	CALL       _RES032
;__Lib_MathDouble.c,220 :: 		
0x00BE	0x28C6      	GOTO       NORM32EEE
;__Lib_MathDouble.c,221 :: 		
JPNSETFUN32:
;__Lib_MathDouble.c,222 :: 		
0x00BF	0x3002      	MOVLW      2
;__Lib_MathDouble.c,223 :: 		
0x00C0	0x00FC      	MOVWF      R12
;__Lib_MathDouble.c,225 :: 		
0x00C1	0x207C      	CALL       _SETFUN32
;__Lib_MathDouble.c,227 :: 		
0x00C2	0x28C6      	GOTO       NORM32EEE
;__Lib_MathDouble.c,228 :: 		
JMPNFIXSIGN32:
;__Lib_MathDouble.c,229 :: 		
0x00C3	0x3004      	MOVLW      4
;__Lib_MathDouble.c,230 :: 		
0x00C4	0x00FC      	MOVWF      R12
;__Lib_MathDouble.c,232 :: 		
0x00C5	0x2088      	CALL       _FIXSIGN32
;__Lib_MathDouble.c,234 :: 		
NORM32EEE:
;__Lib_MathDouble.c,236 :: 		
L_end_NRM3232:
0x00C6	0x0008      	RETURN
; end of _NRM3232
_Div_8X8_U:
;__Lib_Math.c,189 :: 		
;__Lib_Math.c,196 :: 		
0x00C7	0x1283      	BCF        STATUS, 5
;__Lib_Math.c,197 :: 		
0x00C8	0x1303      	BCF        STATUS, 6
;__Lib_Math.c,198 :: 		
0x00C9	0x01F8      	CLRF       R8
;__Lib_Math.c,199 :: 		
0x00CA	0x3008      	MOVLW      8
;__Lib_Math.c,200 :: 		
0x00CB	0x00FC      	MOVWF      R12
;__Lib_Math.c,201 :: 		
0x00CC	0x0D70      	RLF        R0, 0
;__Lib_Math.c,202 :: 		
0x00CD	0x0DF8      	RLF        R8, 1
;__Lib_Math.c,203 :: 		
0x00CE	0x0874      	MOVF       R4, 0
;__Lib_Math.c,204 :: 		
0x00CF	0x02F8      	SUBWF      R8, 1
;__Lib_Math.c,205 :: 		
0x00D0	0x1803      	BTFSC      STATUS, 0
;__Lib_Math.c,206 :: 		
0x00D1	0x28D4      	GOTO       $+3
;__Lib_Math.c,207 :: 		
0x00D2	0x07F8      	ADDWF      R8, 1
;__Lib_Math.c,208 :: 		
0x00D3	0x1003      	BCF        STATUS, 0
;__Lib_Math.c,209 :: 		
0x00D4	0x0DF0      	RLF        R0, 1
;__Lib_Math.c,210 :: 		
0x00D5	0x0BFC      	DECFSZ     R12, 1
;__Lib_Math.c,211 :: 		
0x00D6	0x28CC      	GOTO       $-10
;__Lib_Math.c,213 :: 		
L_end_Div_8X8_U:
0x00D7	0x0008      	RETURN
; end of _Div_8X8_U
_____DoICP:
;__Lib_System.c,6 :: 		
;__Lib_System.c,9 :: 		
0x00D8	0x1283      	BCF        STATUS, 5
0x00D9	0x1303      	BCF        STATUS, 6
0x00DA	0x0839      	MOVF       ___DoICPAddr+1, 0
0x00DB	0x008A      	MOVWF      PCLATH
;__Lib_System.c,10 :: 		
0x00DC	0x0838      	MOVF       ___DoICPAddr, 0
0x00DD	0x0082      	MOVWF      PCL
;__Lib_System.c,12 :: 		
L_end_____DoICP:
0x00DE	0x0008      	RETURN
; end of _____DoICP
_SETFDZ32:
;__Lib_MathDouble.c,102 :: 		
;__Lib_MathDouble.c,105 :: 		
0x00DF	0x15FB      	BSF        R11, 3
;__Lib_MathDouble.c,106 :: 		
0x00E0	0x30FF      	MOVLW      255
;__Lib_MathDouble.c,108 :: 		
L_end_SETFDZ32:
0x00E1	0x0008      	RETURN
; end of _SETFDZ32
_SETIOV3224:
;__Lib_MathDouble.c,1000 :: 		
;__Lib_MathDouble.c,1006 :: 		
0x00E2	0x147B      	BSF        R11, 0
;__Lib_MathDouble.c,1007 :: 		
0x00E3	0x1FFB      	BTFSS      R11, 7
;__Lib_MathDouble.c,1008 :: 		
0x00E4	0x28ED      	GOTO       SETIOV3224EEE
;__Lib_MathDouble.c,1010 :: 		
0x00E5	0x01F2      	CLRF       R2
;__Lib_MathDouble.c,1011 :: 		
0x00E6	0x1FFA      	BTFSS      R10, 7
;__Lib_MathDouble.c,1012 :: 		
0x00E7	0x30FF      	MOVLW      255
;__Lib_MathDouble.c,1013 :: 		
0x00E8	0x00F2      	MOVWF      R2
;__Lib_MathDouble.c,1014 :: 		
0x00E9	0x00F1      	MOVWF      R1
;__Lib_MathDouble.c,1015 :: 		
0x00EA	0x00F0      	MOVWF      R0
;__Lib_MathDouble.c,1016 :: 		
0x00EB	0x0DFA      	RLF        R10, 1
;__Lib_MathDouble.c,1017 :: 		
0x00EC	0x0CF2      	RRF        R2, 1
;__Lib_MathDouble.c,1018 :: 		
SETIOV3224EEE:
;__Lib_MathDouble.c,1019 :: 		
0x00ED	0x30FF      	MOVLW      255
;__Lib_MathDouble.c,1021 :: 		
L_end_SETIOV3224:
0x00EE	0x0008      	RETURN
; end of _SETIOV3224
_NRM4032:
;__Lib_MathDouble.c,245 :: 		
;__Lib_MathDouble.c,252 :: 		
;__Lib_MathDouble.c,254 :: 		
0x00EF	0x187C      	BTFSC      R12, 0
;__Lib_MathDouble.c,255 :: 		
0x00F0	0x2925      	GOTO       NRMRND4032
;__Lib_MathDouble.c,256 :: 		
0x00F1	0x18FC      	BTFSC      R12, 1
;__Lib_MathDouble.c,257 :: 		
0x00F2	0x28F6      	GOTO       NRM4032
;__Lib_MathDouble.c,258 :: 		
0x00F3	0x197C      	BTFSC      R12, 2
;__Lib_MathDouble.c,259 :: 		
0x00F4	0x2944      	GOTO       JMPSETFOV32
;__Lib_MathDouble.c,260 :: 		
0x00F5	0x28EF      	GOTO       $-6
;__Lib_MathDouble.c,261 :: 		
NRM4032:
;__Lib_MathDouble.c,262 :: 		
0x00F6	0x01A0      	CLRF       __math_tempbD
;__Lib_MathDouble.c,263 :: 		
0x00F7	0x0872      	MOVF       R2, 0
;__Lib_MathDouble.c,264 :: 		
0x00F8	0x1D03      	BTFSS      STATUS, 2
;__Lib_MathDouble.c,265 :: 		
0x00F9	0x2916      	GOTO       NORM4032
;__Lib_MathDouble.c,266 :: 		
0x00FA	0x0871      	MOVF       R1, 0
;__Lib_MathDouble.c,267 :: 		
0x00FB	0x00F2      	MOVWF      R2
;__Lib_MathDouble.c,268 :: 		
0x00FC	0x0870      	MOVF       R0, 0
;__Lib_MathDouble.c,269 :: 		
0x00FD	0x00F1      	MOVWF      R1
;__Lib_MathDouble.c,270 :: 		
0x00FE	0x0878      	MOVF       R8, 0
;__Lib_MathDouble.c,271 :: 		
0x00FF	0x00F0      	MOVWF      R0
;__Lib_MathDouble.c,272 :: 		
0x0100	0x01F8      	CLRF       R8
;__Lib_MathDouble.c,273 :: 		
0x0101	0x15A0      	BSF        __math_tempbD, 3
;__Lib_MathDouble.c,275 :: 		
0x0102	0x0872      	MOVF       R2, 0
;__Lib_MathDouble.c,276 :: 		
0x0103	0x1D03      	BTFSS      STATUS, 2
;__Lib_MathDouble.c,277 :: 		
0x0104	0x2916      	GOTO       NORM4032
;__Lib_MathDouble.c,278 :: 		
0x0105	0x0871      	MOVF       R1, 0
;__Lib_MathDouble.c,279 :: 		
0x0106	0x00F2      	MOVWF      R2
;__Lib_MathDouble.c,280 :: 		
0x0107	0x0870      	MOVF       R0, 0
;__Lib_MathDouble.c,281 :: 		
0x0108	0x00F1      	MOVWF      R1
;__Lib_MathDouble.c,282 :: 		
0x0109	0x01F0      	CLRF       R0
;__Lib_MathDouble.c,283 :: 		
0x010A	0x11A0      	BCF        __math_tempbD, 3
;__Lib_MathDouble.c,284 :: 		
0x010B	0x1620      	BSF        __math_tempbD, 4
;__Lib_MathDouble.c,286 :: 		
0x010C	0x0872      	MOVF       R2, 0
;__Lib_MathDouble.c,287 :: 		
0x010D	0x1D03      	BTFSS      STATUS, 2
;__Lib_MathDouble.c,288 :: 		
0x010E	0x2916      	GOTO       NORM4032
;__Lib_MathDouble.c,289 :: 		
0x010F	0x0871      	MOVF       R1, 0
;__Lib_MathDouble.c,290 :: 		
0x0110	0x00F2      	MOVWF      R2
;__Lib_MathDouble.c,291 :: 		
0x0111	0x01F1      	CLRF       R1
;__Lib_MathDouble.c,292 :: 		
0x0112	0x15A0      	BSF        __math_tempbD, 3
;__Lib_MathDouble.c,294 :: 		
0x0113	0x0872      	MOVF       R2, 0
;__Lib_MathDouble.c,295 :: 		
0x0114	0x1903      	BTFSC      STATUS, 2
;__Lib_MathDouble.c,296 :: 		
0x0115	0x2938      	GOTO       JMPRES032
;__Lib_MathDouble.c,297 :: 		
NORM4032:
;__Lib_MathDouble.c,298 :: 		
0x0116	0x0820      	MOVF       __math_tempbD, 0
;__Lib_MathDouble.c,299 :: 		
0x0117	0x02F3      	SUBWF      R3, 1
;__Lib_MathDouble.c,300 :: 		
0x0118	0x1D03      	BTFSS      STATUS, 2
;__Lib_MathDouble.c,301 :: 		
0x0119	0x1C03      	BTFSS      STATUS, 0
;__Lib_MathDouble.c,302 :: 		
0x011A	0x293C      	GOTO       JMPSETFUN32
;__Lib_MathDouble.c,303 :: 		
0x011B	0x1003      	BCF        STATUS, 0
;__Lib_MathDouble.c,304 :: 		
NORM4032A:
;__Lib_MathDouble.c,305 :: 		
0x011C	0x1BF2      	BTFSC      R2, 7
;__Lib_MathDouble.c,306 :: 		
0x011D	0x2925      	GOTO       NRMRND4032
;__Lib_MathDouble.c,307 :: 		
0x011E	0x0DF8      	RLF        R8, 1
;__Lib_MathDouble.c,308 :: 		
0x011F	0x0DF0      	RLF        R0, 1
;__Lib_MathDouble.c,309 :: 		
0x0120	0x0DF1      	RLF        R1, 1
;__Lib_MathDouble.c,310 :: 		
0x0121	0x0DF2      	RLF        R2, 1
;__Lib_MathDouble.c,311 :: 		
0x0122	0x0BF3      	DECFSZ     R3, 1
;__Lib_MathDouble.c,312 :: 		
0x0123	0x291C      	GOTO       NORM4032A
;__Lib_MathDouble.c,313 :: 		
0x0124	0x293C      	GOTO       JMPSETFUN32
;__Lib_MathDouble.c,314 :: 		
NRMRND4032:
;__Lib_MathDouble.c,315 :: 		
0x0125	0x1B7B      	BTFSC      R11, 6
;__Lib_MathDouble.c,316 :: 		
0x0126	0x1C70      	BTFSS      R0, 0
;__Lib_MathDouble.c,317 :: 		
0x0127	0x2940      	GOTO       JMPFIXSIGN32
;__Lib_MathDouble.c,318 :: 		
0x0128	0x1FF8      	BTFSS      R8, 7
;__Lib_MathDouble.c,319 :: 		
0x0129	0x2940      	GOTO       JMPFIXSIGN32
;__Lib_MathDouble.c,320 :: 		
0x012A	0x0AF0      	INCF       R0, 1
;__Lib_MathDouble.c,321 :: 		
0x012B	0x1903      	BTFSC      STATUS, 2
;__Lib_MathDouble.c,322 :: 		
0x012C	0x0AF1      	INCF       R1, 1
;__Lib_MathDouble.c,323 :: 		
0x012D	0x1903      	BTFSC      STATUS, 2
;__Lib_MathDouble.c,324 :: 		
0x012E	0x0AF2      	INCF       R2, 1
;__Lib_MathDouble.c,325 :: 		
0x012F	0x1D03      	BTFSS      STATUS, 2
;__Lib_MathDouble.c,326 :: 		
0x0130	0x2940      	GOTO       JMPFIXSIGN32
;__Lib_MathDouble.c,327 :: 		
0x0131	0x0CF2      	RRF        R2, 1
;__Lib_MathDouble.c,328 :: 		
0x0132	0x0CF1      	RRF        R1, 1
;__Lib_MathDouble.c,329 :: 		
0x0133	0x0CF0      	RRF        R0, 1
;__Lib_MathDouble.c,330 :: 		
0x0134	0x0AF3      	INCF       R3, 1
;__Lib_MathDouble.c,331 :: 		
0x0135	0x1903      	BTFSC      STATUS, 2
;__Lib_MathDouble.c,332 :: 		
0x0136	0x2944      	GOTO       JMPSETFOV32
;__Lib_MathDouble.c,333 :: 		
0x0137	0x2940      	GOTO       JMPFIXSIGN32
;__Lib_MathDouble.c,334 :: 		
JMPRES032:
;__Lib_MathDouble.c,335 :: 		
0x0138	0x3001      	MOVLW      1
;__Lib_MathDouble.c,336 :: 		
0x0139	0x00FC      	MOVWF      R12
;__Lib_MathDouble.c,338 :: 		
0x013A	0x2075      	CALL       _RES032
;__Lib_MathDouble.c,340 :: 		
0x013B	0x2947      	GOTO       NRM4032EEE
;__Lib_MathDouble.c,341 :: 		
JMPSETFUN32:
;__Lib_MathDouble.c,342 :: 		
0x013C	0x3002      	MOVLW      2
;__Lib_MathDouble.c,343 :: 		
0x013D	0x00FC      	MOVWF      R12
;__Lib_MathDouble.c,345 :: 		
0x013E	0x207C      	CALL       _SETFUN32
;__Lib_MathDouble.c,347 :: 		
0x013F	0x2947      	GOTO       NRM4032EEE
;__Lib_MathDouble.c,348 :: 		
JMPFIXSIGN32:
;__Lib_MathDouble.c,349 :: 		
0x0140	0x3004      	MOVLW      4
;__Lib_MathDouble.c,350 :: 		
0x0141	0x00FC      	MOVWF      R12
;__Lib_MathDouble.c,352 :: 		
0x0142	0x2088      	CALL       _FIXSIGN32
;__Lib_MathDouble.c,354 :: 		
0x0143	0x2947      	GOTO       NRM4032EEE
;__Lib_MathDouble.c,355 :: 		
JMPSETFOV32:
;__Lib_MathDouble.c,356 :: 		
0x0144	0x3008      	MOVLW      8
;__Lib_MathDouble.c,357 :: 		
0x0145	0x00FC      	MOVWF      R12
;__Lib_MathDouble.c,359 :: 		
0x0146	0x208C      	CALL       _SETFOV32
;__Lib_MathDouble.c,361 :: 		
NRM4032EEE:
;__Lib_MathDouble.c,362 :: 		
0x0147	0x0000      	NOP
;__Lib_MathDouble.c,370 :: 		
L_end_NRM4032:
0x0148	0x0008      	RETURN
; end of _NRM4032
_decToBcd:
;radar.c,108 :: 		uint8_t decToBcd(uint8_t val)
;radar.c,110 :: 		return ((val / 10 * 16) + (val % 10));
0x0149	0x300A      	MOVLW      10
0x014A	0x1283      	BCF        STATUS, 5
0x014B	0x1303      	BCF        STATUS, 6
0x014C	0x00F4      	MOVWF      R4
0x014D	0x0844      	MOVF       FARG_decToBcd_val, 0
0x014E	0x00F0      	MOVWF      R0
0x014F	0x20C7      	CALL       _Div_8X8_U
0x0150	0x0870      	MOVF       R0, 0
0x0151	0x00C5      	MOVWF      FLOC__decToBcd
0x0152	0x0DC5      	RLF        FLOC__decToBcd, 1
0x0153	0x1045      	BCF        FLOC__decToBcd, 0
0x0154	0x0DC5      	RLF        FLOC__decToBcd, 1
0x0155	0x1045      	BCF        FLOC__decToBcd, 0
0x0156	0x0DC5      	RLF        FLOC__decToBcd, 1
0x0157	0x1045      	BCF        FLOC__decToBcd, 0
0x0158	0x0DC5      	RLF        FLOC__decToBcd, 1
0x0159	0x1045      	BCF        FLOC__decToBcd, 0
0x015A	0x300A      	MOVLW      10
0x015B	0x00F4      	MOVWF      R4
0x015C	0x0844      	MOVF       FARG_decToBcd_val, 0
0x015D	0x00F0      	MOVWF      R0
0x015E	0x20C7      	CALL       _Div_8X8_U
0x015F	0x0878      	MOVF       R8, 0
0x0160	0x00F0      	MOVWF      R0
0x0161	0x0845      	MOVF       FLOC__decToBcd, 0
0x0162	0x07F0      	ADDWF      R0, 1
;radar.c,111 :: 		}
L_end_decToBcd:
0x0163	0x0008      	RETURN
; end of _decToBcd
_Add_32x32_FP:
;__Lib_MathDouble.c,379 :: 		
;__Lib_MathDouble.c,390 :: 		
;__Lib_MathDouble.c,392 :: 		
0x0164	0x1283      	BCF        STATUS, 5
;__Lib_MathDouble.c,393 :: 		
0x0165	0x1303      	BCF        STATUS, 6
;__Lib_MathDouble.c,394 :: 		
0x0166	0x0872      	MOVF       R2, 0
;__Lib_MathDouble.c,395 :: 		
0x0167	0x0676      	XORWF      R6, 0
;__Lib_MathDouble.c,396 :: 		
0x0168	0x00A0      	MOVWF      __math_tempbD
;__Lib_MathDouble.c,398 :: 		
0x0169	0x01F8      	CLRF       R8
;__Lib_MathDouble.c,399 :: 		
0x016A	0x01F9      	CLRF       R9
;__Lib_MathDouble.c,401 :: 		
0x016B	0x0873      	MOVF       R3, 0
;__Lib_MathDouble.c,402 :: 		
0x016C	0x0277      	SUBWF      R7, 0
;__Lib_MathDouble.c,403 :: 		
0x016D	0x1C03      	BTFSS      STATUS, 0
;__Lib_MathDouble.c,404 :: 		
0x016E	0x2987      	GOTO       USEA32
;__Lib_MathDouble.c,406 :: 		
0x016F	0x0877      	MOVF       R7, 0
;__Lib_MathDouble.c,407 :: 		
0x0170	0x00FD      	MOVWF      R13
;__Lib_MathDouble.c,408 :: 		
0x0171	0x0873      	MOVF       R3, 0
;__Lib_MathDouble.c,409 :: 		
0x0172	0x00F7      	MOVWF      R7
;__Lib_MathDouble.c,410 :: 		
0x0173	0x087D      	MOVF       R13, 0
;__Lib_MathDouble.c,411 :: 		
0x0174	0x00F3      	MOVWF      R3
;__Lib_MathDouble.c,413 :: 		
0x0175	0x0876      	MOVF       R6, 0
;__Lib_MathDouble.c,414 :: 		
0x0176	0x00FD      	MOVWF      R13
;__Lib_MathDouble.c,415 :: 		
0x0177	0x0872      	MOVF       R2, 0
;__Lib_MathDouble.c,416 :: 		
0x0178	0x00F6      	MOVWF      R6
;__Lib_MathDouble.c,417 :: 		
0x0179	0x087D      	MOVF       R13, 0
;__Lib_MathDouble.c,418 :: 		
0x017A	0x00F2      	MOVWF      R2
;__Lib_MathDouble.c,420 :: 		
0x017B	0x0875      	MOVF       R5, 0
;__Lib_MathDouble.c,421 :: 		
0x017C	0x00FD      	MOVWF      R13
;__Lib_MathDouble.c,422 :: 		
0x017D	0x0871      	MOVF       R1, 0
;__Lib_MathDouble.c,423 :: 		
0x017E	0x00F5      	MOVWF      R5
;__Lib_MathDouble.c,424 :: 		
0x017F	0x087D      	MOVF       R13, 0
;__Lib_MathDouble.c,425 :: 		
0x0180	0x00F1      	MOVWF      R1
;__Lib_MathDouble.c,427 :: 		
0x0181	0x0874      	MOVF       R4, 0
;__Lib_MathDouble.c,428 :: 		
0x0182	0x00FD      	MOVWF      R13
;__Lib_MathDouble.c,429 :: 		
0x0183	0x0870      	MOVF       R0, 0
;__Lib_MathDouble.c,430 :: 		
0x0184	0x00F4      	MOVWF      R4
;__Lib_MathDouble.c,431 :: 		
0x0185	0x087D      	MOVF       R13, 0
;__Lib_MathDouble.c,432 :: 		
0x0186	0x00F0      	MOVWF      R0
;__Lib_MathDouble.c,433 :: 		
USEA32:
;__Lib_MathDouble.c,434 :: 		
0x0187	0x0877      	MOVF       R7, 0
;__Lib_MathDouble.c,435 :: 		
0x0188	0x1903      	BTFSC      STATUS, 2
;__Lib_MathDouble.c,436 :: 		
0x0189	0x2A00      	GOTO       JMPEEE
;__Lib_MathDouble.c,437 :: 		
0x018A	0x0872      	MOVF       R2, 0
;__Lib_MathDouble.c,438 :: 		
0x018B	0x00FA      	MOVWF      R10
;__Lib_MathDouble.c,439 :: 		
0x018C	0x17F2      	BSF        R2, 7
;__Lib_MathDouble.c,440 :: 		
0x018D	0x17F6      	BSF        R6, 7
;__Lib_MathDouble.c,441 :: 		
0x018E	0x0877      	MOVF       R7, 0
;__Lib_MathDouble.c,442 :: 		
0x018F	0x0273      	SUBWF      R3, 0
;__Lib_MathDouble.c,443 :: 		
0x0190	0x00F7      	MOVWF      R7
;__Lib_MathDouble.c,444 :: 		
0x0191	0x1903      	BTFSC      STATUS, 2
;__Lib_MathDouble.c,445 :: 		
0x0192	0x29BA      	GOTO       ALIGNED32
;__Lib_MathDouble.c,446 :: 		
0x0193	0x3008      	MOVLW      8
;__Lib_MathDouble.c,447 :: 		
0x0194	0x0277      	SUBWF      R7, 0
;__Lib_MathDouble.c,448 :: 		
0x0195	0x1C03      	BTFSS      STATUS, 0
;__Lib_MathDouble.c,449 :: 		
0x0196	0x29B0      	GOTO       ALIGNB32
;__Lib_MathDouble.c,450 :: 		
0x0197	0x00F7      	MOVWF      R7
;__Lib_MathDouble.c,451 :: 		
0x0198	0x0874      	MOVF       R4, 0
;__Lib_MathDouble.c,452 :: 		
0x0199	0x00F9      	MOVWF      R9
;__Lib_MathDouble.c,453 :: 		
0x019A	0x0875      	MOVF       R5, 0
;__Lib_MathDouble.c,454 :: 		
0x019B	0x00F4      	MOVWF      R4
;__Lib_MathDouble.c,455 :: 		
0x019C	0x0876      	MOVF       R6, 0
;__Lib_MathDouble.c,456 :: 		
0x019D	0x00F5      	MOVWF      R5
;__Lib_MathDouble.c,457 :: 		
0x019E	0x01F6      	CLRF       R6
;__Lib_MathDouble.c,458 :: 		
0x019F	0x3008      	MOVLW      8
;__Lib_MathDouble.c,459 :: 		
0x01A0	0x0277      	SUBWF      R7, 0
;__Lib_MathDouble.c,460 :: 		
0x01A1	0x1C03      	BTFSS      STATUS, 0
;__Lib_MathDouble.c,461 :: 		
0x01A2	0x29B0      	GOTO       ALIGNB32
;__Lib_MathDouble.c,462 :: 		
0x01A3	0x00F7      	MOVWF      R7
;__Lib_MathDouble.c,463 :: 		
0x01A4	0x0874      	MOVF       R4, 0
;__Lib_MathDouble.c,464 :: 		
0x01A5	0x00F9      	MOVWF      R9
;__Lib_MathDouble.c,465 :: 		
0x01A6	0x0875      	MOVF       R5, 0
;__Lib_MathDouble.c,466 :: 		
0x01A7	0x00F4      	MOVWF      R4
;__Lib_MathDouble.c,467 :: 		
0x01A8	0x01F5      	CLRF       R5
;__Lib_MathDouble.c,468 :: 		
0x01A9	0x3008      	MOVLW      8
;__Lib_MathDouble.c,469 :: 		
0x01AA	0x0277      	SUBWF      R7, 0
;__Lib_MathDouble.c,470 :: 		
0x01AB	0x1C03      	BTFSS      STATUS, 0
;__Lib_MathDouble.c,471 :: 		
0x01AC	0x29B0      	GOTO       ALIGNB32
;__Lib_MathDouble.c,472 :: 		
0x01AD	0x087A      	MOVF       R10, 0
;__Lib_MathDouble.c,473 :: 		
0x01AE	0x00F2      	MOVWF      R2
;__Lib_MathDouble.c,474 :: 		
0x01AF	0x2A00      	GOTO       JMPEEE
;__Lib_MathDouble.c,475 :: 		
ALIGNB32:
;__Lib_MathDouble.c,476 :: 		
0x01B0	0x0877      	MOVF       R7, 0
;__Lib_MathDouble.c,477 :: 		
0x01B1	0x1903      	BTFSC      STATUS, 2
;__Lib_MathDouble.c,478 :: 		
0x01B2	0x29BA      	GOTO       ALIGNED32
;__Lib_MathDouble.c,479 :: 		
ALOOPB32:
;__Lib_MathDouble.c,480 :: 		
0x01B3	0x1003      	BCF        STATUS, 0
;__Lib_MathDouble.c,481 :: 		
0x01B4	0x0CF6      	RRF        R6, 1
;__Lib_MathDouble.c,482 :: 		
0x01B5	0x0CF5      	RRF        R5, 1
;__Lib_MathDouble.c,483 :: 		
0x01B6	0x0CF4      	RRF        R4, 1
;__Lib_MathDouble.c,484 :: 		
0x01B7	0x0CF9      	RRF        R9, 1
;__Lib_MathDouble.c,485 :: 		
0x01B8	0x0BF7      	DECFSZ     R7, 1
;__Lib_MathDouble.c,486 :: 		
0x01B9	0x29B3      	GOTO       ALOOPB32
;__Lib_MathDouble.c,487 :: 		
ALIGNED32:
;__Lib_MathDouble.c,488 :: 		
0x01BA	0x1FA0      	BTFSS      __math_tempbD, 7
;__Lib_MathDouble.c,489 :: 		
0x01BB	0x29C7      	GOTO       AOK32
;__Lib_MathDouble.c,490 :: 		
0x01BC	0x09F9      	COMF       R9, 1
;__Lib_MathDouble.c,491 :: 		
0x01BD	0x09F4      	COMF       R4, 1
;__Lib_MathDouble.c,492 :: 		
0x01BE	0x09F5      	COMF       R5, 1
;__Lib_MathDouble.c,493 :: 		
0x01BF	0x09F6      	COMF       R6, 1
;__Lib_MathDouble.c,494 :: 		
0x01C0	0x0AF9      	INCF       R9, 1
;__Lib_MathDouble.c,495 :: 		
0x01C1	0x1903      	BTFSC      STATUS, 2
;__Lib_MathDouble.c,496 :: 		
0x01C2	0x0AF4      	INCF       R4, 1
;__Lib_MathDouble.c,497 :: 		
0x01C3	0x1903      	BTFSC      STATUS, 2
;__Lib_MathDouble.c,498 :: 		
0x01C4	0x0AF5      	INCF       R5, 1
;__Lib_MathDouble.c,499 :: 		
0x01C5	0x1903      	BTFSC      STATUS, 2
;__Lib_MathDouble.c,500 :: 		
0x01C6	0x0AF6      	INCF       R6, 1
;__Lib_MathDouble.c,501 :: 		
AOK32:
;__Lib_MathDouble.c,502 :: 		
0x01C7	0x0879      	MOVF       R9, 0
;__Lib_MathDouble.c,503 :: 		
0x01C8	0x07F8      	ADDWF      R8, 1
;__Lib_MathDouble.c,504 :: 		
0x01C9	0x0874      	MOVF       R4, 0
;__Lib_MathDouble.c,505 :: 		
0x01CA	0x1803      	BTFSC      STATUS, 0
;__Lib_MathDouble.c,506 :: 		
0x01CB	0x0F74      	INCFSZ     R4, 0
;__Lib_MathDouble.c,507 :: 		
0x01CC	0x07F0      	ADDWF      R0, 1
;__Lib_MathDouble.c,508 :: 		
0x01CD	0x0875      	MOVF       R5, 0
;__Lib_MathDouble.c,509 :: 		
0x01CE	0x1803      	BTFSC      STATUS, 0
;__Lib_MathDouble.c,510 :: 		
0x01CF	0x0F75      	INCFSZ     R5, 0
;__Lib_MathDouble.c,511 :: 		
0x01D0	0x07F1      	ADDWF      R1, 1
;__Lib_MathDouble.c,512 :: 		
0x01D1	0x0876      	MOVF       R6, 0
;__Lib_MathDouble.c,513 :: 		
0x01D2	0x1803      	BTFSC      STATUS, 0
;__Lib_MathDouble.c,514 :: 		
0x01D3	0x0F76      	INCFSZ     R6, 0
;__Lib_MathDouble.c,515 :: 		
0x01D4	0x07F2      	ADDWF      R2, 1
;__Lib_MathDouble.c,516 :: 		
0x01D5	0x1BA0      	BTFSC      __math_tempbD, 7
;__Lib_MathDouble.c,517 :: 		
0x01D6	0x29E0      	GOTO       ACOMP32
;__Lib_MathDouble.c,518 :: 		
0x01D7	0x1C03      	BTFSS      STATUS, 0
;__Lib_MathDouble.c,519 :: 		
0x01D8	0x29F0      	GOTO       JMPNRMRND4032
;__Lib_MathDouble.c,520 :: 		
0x01D9	0x0CF2      	RRF        R2, 1
;__Lib_MathDouble.c,521 :: 		
0x01DA	0x0CF1      	RRF        R1, 1
;__Lib_MathDouble.c,522 :: 		
0x01DB	0x0CF0      	RRF        R0, 1
;__Lib_MathDouble.c,523 :: 		
0x01DC	0x0CF8      	RRF        R8, 1
;__Lib_MathDouble.c,524 :: 		
0x01DD	0x0FF3      	INCFSZ     R3, 1
;__Lib_MathDouble.c,525 :: 		
0x01DE	0x29F0      	GOTO       JMPNRMRND4032
;__Lib_MathDouble.c,526 :: 		
0x01DF	0x29FC      	GOTO       ADD_JMPSETFOV32
;__Lib_MathDouble.c,527 :: 		
ACOMP32:
;__Lib_MathDouble.c,528 :: 		
0x01E0	0x1803      	BTFSC      STATUS, 0
;__Lib_MathDouble.c,529 :: 		
0x01E1	0x29F4      	GOTO       JMPNRM4032
;__Lib_MathDouble.c,530 :: 		
0x01E2	0x09F8      	COMF       R8, 1
;__Lib_MathDouble.c,531 :: 		
0x01E3	0x09F0      	COMF       R0, 1
;__Lib_MathDouble.c,532 :: 		
0x01E4	0x09F1      	COMF       R1, 1
;__Lib_MathDouble.c,533 :: 		
0x01E5	0x09F2      	COMF       R2, 1
;__Lib_MathDouble.c,534 :: 		
0x01E6	0x0AF8      	INCF       R8, 1
;__Lib_MathDouble.c,535 :: 		
0x01E7	0x1903      	BTFSC      STATUS, 2
;__Lib_MathDouble.c,536 :: 		
0x01E8	0x0AF0      	INCF       R0, 1
;__Lib_MathDouble.c,537 :: 		
0x01E9	0x1903      	BTFSC      STATUS, 2
;__Lib_MathDouble.c,538 :: 		
0x01EA	0x0AF1      	INCF       R1, 1
;__Lib_MathDouble.c,539 :: 		
0x01EB	0x1903      	BTFSC      STATUS, 2
;__Lib_MathDouble.c,540 :: 		
0x01EC	0x0AF2      	INCF       R2, 1
;__Lib_MathDouble.c,541 :: 		
0x01ED	0x3080      	MOVLW      128
;__Lib_MathDouble.c,542 :: 		
0x01EE	0x06FA      	XORWF      R10, 1
;__Lib_MathDouble.c,543 :: 		
0x01EF	0x29F8      	GOTO       JMPNRM32
;__Lib_MathDouble.c,544 :: 		
JMPNRMRND4032:
;__Lib_MathDouble.c,545 :: 		
0x01F0	0x3001      	MOVLW      1
;__Lib_MathDouble.c,546 :: 		
0x01F1	0x00FC      	MOVWF      R12
;__Lib_MathDouble.c,548 :: 		
0x01F2	0x20EF      	CALL       _NRM4032
;__Lib_MathDouble.c,550 :: 		
0x01F3	0x2A02      	GOTO       ADD32EEE
;__Lib_MathDouble.c,551 :: 		
JMPNRM4032:
;__Lib_MathDouble.c,552 :: 		
0x01F4	0x3002      	MOVLW      2
;__Lib_MathDouble.c,553 :: 		
0x01F5	0x00FC      	MOVWF      R12
;__Lib_MathDouble.c,555 :: 		
0x01F6	0x20EF      	CALL       _NRM4032
;__Lib_MathDouble.c,557 :: 		
0x01F7	0x2A02      	GOTO       ADD32EEE
;__Lib_MathDouble.c,558 :: 		
JMPNRM32:
;__Lib_MathDouble.c,559 :: 		
0x01F8	0x3004      	MOVLW      4
;__Lib_MathDouble.c,560 :: 		
0x01F9	0x00FC      	MOVWF      R12
;__Lib_MathDouble.c,562 :: 		
0x01FA	0x2098      	CALL       _NRM3232
;__Lib_MathDouble.c,564 :: 		
0x01FB	0x2A02      	GOTO       ADD32EEE
;__Lib_MathDouble.c,565 :: 		
ADD_JMPSETFOV32:
;__Lib_MathDouble.c,566 :: 		
0x01FC	0x3008      	MOVLW      8
;__Lib_MathDouble.c,567 :: 		
0x01FD	0x00FC      	MOVWF      R12
;__Lib_MathDouble.c,569 :: 		
0x01FE	0x208C      	CALL       _SETFOV32
;__Lib_MathDouble.c,571 :: 		
0x01FF	0x2A02      	GOTO       ADD32EEE
;__Lib_MathDouble.c,572 :: 		
JMPEEE:
;__Lib_MathDouble.c,573 :: 		
0x0200	0x3000      	MOVLW      0
;__Lib_MathDouble.c,574 :: 		
0x0201	0x00FC      	MOVWF      R12
;__Lib_MathDouble.c,575 :: 		
ADD32EEE:
;__Lib_MathDouble.c,576 :: 		
0x0202	0x0000      	NOP
;__Lib_MathDouble.c,584 :: 		
L_end_Add_32x32_FP:
0x0203	0x0008      	RETURN
; end of _Add_32x32_FP
_Mul_32x32_FP:
;__Lib_MathDouble.c,610 :: 		
;__Lib_MathDouble.c,622 :: 		
;__Lib_MathDouble.c,624 :: 		
0x0204	0x1283      	BCF        STATUS, 5
;__Lib_MathDouble.c,625 :: 		
0x0205	0x1303      	BCF        STATUS, 6
;__Lib_MathDouble.c,627 :: 		
0x0206	0x01FB      	CLRF       R11
;__Lib_MathDouble.c,628 :: 		
0x0207	0x0873      	MOVF       R3, 0
;__Lib_MathDouble.c,629 :: 		
0x0208	0x1D03      	BTFSS      STATUS, 2
;__Lib_MathDouble.c,630 :: 		
0x0209	0x0877      	MOVF       R7, 0
;__Lib_MathDouble.c,631 :: 		
0x020A	0x1903      	BTFSC      STATUS, 2
;__Lib_MathDouble.c,632 :: 		
0x020B	0x2A5B      	GOTO       JPMRES032
;__Lib_MathDouble.c,634 :: 		
0x020C	0x0872      	MOVF       R2, 0
;__Lib_MathDouble.c,635 :: 		
0x020D	0x0676      	XORWF      R6, 0
;__Lib_MathDouble.c,636 :: 		
0x020E	0x00FA      	MOVWF      R10
;__Lib_MathDouble.c,637 :: 		
0x020F	0x0877      	MOVF       R7, 0
;__Lib_MathDouble.c,638 :: 		
0x0210	0x07F3      	ADDWF      R3, 1
;__Lib_MathDouble.c,639 :: 		
0x0211	0x307E      	MOVLW      126
;__Lib_MathDouble.c,640 :: 		
0x0212	0x1C03      	BTFSS      STATUS, 0
;__Lib_MathDouble.c,641 :: 		
0x0213	0x2A18      	GOTO       MTUN32
;__Lib_MathDouble.c,642 :: 		
0x0214	0x02F3      	SUBWF      R3, 1
;__Lib_MathDouble.c,643 :: 		
0x0215	0x1803      	BTFSC      STATUS, 0
;__Lib_MathDouble.c,644 :: 		
0x0216	0x2A5E      	GOTO       JPMSETFOV32
;__Lib_MathDouble.c,645 :: 		
0x0217	0x2A1B      	GOTO       MOK32
;__Lib_MathDouble.c,646 :: 		
MTUN32:
;__Lib_MathDouble.c,647 :: 		
0x0218	0x02F3      	SUBWF      R3, 1
;__Lib_MathDouble.c,648 :: 		
0x0219	0x1C03      	BTFSS      STATUS, 0
;__Lib_MathDouble.c,649 :: 		
0x021A	0x2A61      	GOTO       JPMSETFUN32
;__Lib_MathDouble.c,650 :: 		
MOK32:
;__Lib_MathDouble.c,651 :: 		
0x021B	0x0872      	MOVF       R2, 0
;__Lib_MathDouble.c,652 :: 		
0x021C	0x00F8      	MOVWF      R8
;__Lib_MathDouble.c,653 :: 		
0x021D	0x0871      	MOVF       R1, 0
;__Lib_MathDouble.c,654 :: 		
0x021E	0x00FC      	MOVWF      R12
;__Lib_MathDouble.c,655 :: 		
0x021F	0x0870      	MOVF       R0, 0
;__Lib_MathDouble.c,656 :: 		
0x0220	0x00FD      	MOVWF      R13
;__Lib_MathDouble.c,657 :: 		
0x0221	0x17F8      	BSF        R8, 7
;__Lib_MathDouble.c,658 :: 		
0x0222	0x17F6      	BSF        R6, 7
;__Lib_MathDouble.c,659 :: 		
0x0223	0x1003      	BCF        STATUS, 0
;__Lib_MathDouble.c,660 :: 		
0x0224	0x01F2      	CLRF       R2
;__Lib_MathDouble.c,661 :: 		
0x0225	0x01F1      	CLRF       R1
;__Lib_MathDouble.c,662 :: 		
0x0226	0x01F0      	CLRF       R0
;__Lib_MathDouble.c,663 :: 		
0x0227	0x3018      	MOVLW      24
;__Lib_MathDouble.c,664 :: 		
0x0228	0x00A0      	MOVWF      __math_tempbD
;__Lib_MathDouble.c,665 :: 		
MLOOP32:
;__Lib_MathDouble.c,666 :: 		
0x0229	0x1C7D      	BTFSS      R13, 0
;__Lib_MathDouble.c,667 :: 		
0x022A	0x2A35      	GOTO       MNOADD32
;__Lib_MathDouble.c,669 :: 		
0x022B	0x0874      	MOVF       R4, 0
;__Lib_MathDouble.c,670 :: 		
0x022C	0x07F0      	ADDWF      R0, 1
;__Lib_MathDouble.c,671 :: 		
0x022D	0x0875      	MOVF       R5, 0
;__Lib_MathDouble.c,672 :: 		
0x022E	0x1803      	BTFSC      STATUS, 0
;__Lib_MathDouble.c,673 :: 		
0x022F	0x0F75      	INCFSZ     R5, 0
;__Lib_MathDouble.c,674 :: 		
0x0230	0x07F1      	ADDWF      R1, 1
;__Lib_MathDouble.c,675 :: 		
0x0231	0x0876      	MOVF       R6, 0
;__Lib_MathDouble.c,676 :: 		
0x0232	0x1803      	BTFSC      STATUS, 0
;__Lib_MathDouble.c,677 :: 		
0x0233	0x0F76      	INCFSZ     R6, 0
;__Lib_MathDouble.c,678 :: 		
0x0234	0x07F2      	ADDWF      R2, 1
;__Lib_MathDouble.c,679 :: 		
MNOADD32:
;__Lib_MathDouble.c,680 :: 		
0x0235	0x0CF2      	RRF        R2, 1
;__Lib_MathDouble.c,681 :: 		
0x0236	0x0CF1      	RRF        R1, 1
;__Lib_MathDouble.c,682 :: 		
0x0237	0x0CF0      	RRF        R0, 1
;__Lib_MathDouble.c,683 :: 		
0x0238	0x0CF8      	RRF        R8, 1
;__Lib_MathDouble.c,684 :: 		
0x0239	0x0CFC      	RRF        R12, 1
;__Lib_MathDouble.c,685 :: 		
0x023A	0x0CFD      	RRF        R13, 1
;__Lib_MathDouble.c,686 :: 		
0x023B	0x1003      	BCF        STATUS, 0
;__Lib_MathDouble.c,687 :: 		
0x023C	0x0BA0      	DECFSZ     __math_tempbD, 1
;__Lib_MathDouble.c,688 :: 		
0x023D	0x2A29      	GOTO       MLOOP32
;__Lib_MathDouble.c,689 :: 		
0x023E	0x1BF2      	BTFSC      R2, 7
;__Lib_MathDouble.c,690 :: 		
0x023F	0x2A45      	GOTO       MROUND32
;__Lib_MathDouble.c,691 :: 		
0x0240	0x0DF8      	RLF        R8, 1
;__Lib_MathDouble.c,692 :: 		
0x0241	0x0DF0      	RLF        R0, 1
;__Lib_MathDouble.c,693 :: 		
0x0242	0x0DF1      	RLF        R1, 1
;__Lib_MathDouble.c,694 :: 		
0x0243	0x0DF2      	RLF        R2, 1
;__Lib_MathDouble.c,695 :: 		
0x0244	0x03F3      	DECF       R3, 1
;__Lib_MathDouble.c,696 :: 		
MROUND32:
;__Lib_MathDouble.c,697 :: 		
0x0245	0x1B7B      	BTFSC      R11, 6
;__Lib_MathDouble.c,698 :: 		
0x0246	0x1C70      	BTFSS      R0, 0
;__Lib_MathDouble.c,699 :: 		
0x0247	0x2A57      	GOTO       MUL32OK
;__Lib_MathDouble.c,700 :: 		
0x0248	0x1FF8      	BTFSS      R8, 7
;__Lib_MathDouble.c,701 :: 		
0x0249	0x2A57      	GOTO       MUL32OK
;__Lib_MathDouble.c,702 :: 		
0x024A	0x0AF0      	INCF       R0, 1
;__Lib_MathDouble.c,703 :: 		
0x024B	0x1903      	BTFSC      STATUS, 2
;__Lib_MathDouble.c,704 :: 		
0x024C	0x0AF1      	INCF       R1, 1
;__Lib_MathDouble.c,705 :: 		
0x024D	0x1903      	BTFSC      STATUS, 2
;__Lib_MathDouble.c,706 :: 		
0x024E	0x0AF2      	INCF       R2, 1
;__Lib_MathDouble.c,707 :: 		
0x024F	0x1D03      	BTFSS      STATUS, 2
;__Lib_MathDouble.c,708 :: 		
0x0250	0x2A57      	GOTO       MUL32OK
;__Lib_MathDouble.c,709 :: 		
0x0251	0x0CF2      	RRF        R2, 1
;__Lib_MathDouble.c,710 :: 		
0x0252	0x0CF1      	RRF        R1, 1
;__Lib_MathDouble.c,711 :: 		
0x0253	0x0CF0      	RRF        R0, 1
;__Lib_MathDouble.c,712 :: 		
0x0254	0x0AF3      	INCF       R3, 1
;__Lib_MathDouble.c,713 :: 		
0x0255	0x1903      	BTFSC      STATUS, 2
;__Lib_MathDouble.c,714 :: 		
0x0256	0x2A5E      	GOTO       JPMSETFOV32
;__Lib_MathDouble.c,715 :: 		
MUL32OK:
;__Lib_MathDouble.c,716 :: 		
0x0257	0x1FFA      	BTFSS      R10, 7
;__Lib_MathDouble.c,717 :: 		
0x0258	0x13F2      	BCF        R2, 7
;__Lib_MathDouble.c,718 :: 		
0x0259	0x3000      	MOVLW      0
;__Lib_MathDouble.c,720 :: 		
0x025A	0x2A63      	GOTO       MUL32EEE
;__Lib_MathDouble.c,721 :: 		
JPMRES032:
;__Lib_MathDouble.c,722 :: 		
0x025B	0x3001      	MOVLW      1
;__Lib_MathDouble.c,725 :: 		
0x025C	0x2075      	CALL       _RES032
;__Lib_MathDouble.c,727 :: 		
0x025D	0x2A63      	GOTO       MUL32EEE
;__Lib_MathDouble.c,728 :: 		
JPMSETFOV32:
;__Lib_MathDouble.c,729 :: 		
0x025E	0x3002      	MOVLW      2
;__Lib_MathDouble.c,732 :: 		
0x025F	0x208C      	CALL       _SETFOV32
;__Lib_MathDouble.c,734 :: 		
0x0260	0x2A63      	GOTO       MUL32EEE
;__Lib_MathDouble.c,735 :: 		
JPMSETFUN32:
;__Lib_MathDouble.c,736 :: 		
0x0261	0x3004      	MOVLW      4
;__Lib_MathDouble.c,739 :: 		
0x0262	0x207C      	CALL       _SETFUN32
;__Lib_MathDouble.c,741 :: 		
MUL32EEE:
;__Lib_MathDouble.c,742 :: 		
0x0263	0x0000      	NOP
;__Lib_MathDouble.c,749 :: 		
L_end_Mul_32x32_FP:
0x0264	0x0008      	RETURN
; end of _Mul_32x32_FP
_double2byte:
;__Lib_MathDouble.c,1670 :: 		
;__Lib_MathDouble.c,1677 :: 		
0x0265	0x1283      	BCF        STATUS, 5
;__Lib_MathDouble.c,1678 :: 		
0x0266	0x1303      	BCF        STATUS, 6
;__Lib_MathDouble.c,1680 :: 		
0x0267	0x01FB      	CLRF       R11
;__Lib_MathDouble.c,1681 :: 		
0x0268	0x01FC      	CLRF       R12
;__Lib_MathDouble.c,1682 :: 		
0x0269	0x01FA      	CLRF       R10
;__Lib_MathDouble.c,1684 :: 		
0x026A	0x0873      	MOVF       R3, 0
;__Lib_MathDouble.c,1685 :: 		
0x026B	0x1903      	BTFSC      STATUS, 2
;__Lib_MathDouble.c,1686 :: 		
0x026C	0x2A92      	GOTO       IRES008
;__Lib_MathDouble.c,1688 :: 		
0x026D	0x13FA      	BCF        R10, 7
;__Lib_MathDouble.c,1689 :: 		
0x026E	0x17F2      	BSF        R2, 7
;__Lib_MathDouble.c,1691 :: 		
0x026F	0x3086      	MOVLW      134
;__Lib_MathDouble.c,1692 :: 		
0x0270	0x02F3      	SUBWF      R3, 1
;__Lib_MathDouble.c,1693 :: 		
0x0271	0x1BF3      	BTFSC      R3, 7
;__Lib_MathDouble.c,1694 :: 		
0x0272	0x2A76      	GOTO       SETEXP08
;__Lib_MathDouble.c,1695 :: 		
0x0273	0x1903      	BTFSC      STATUS, 2
;__Lib_MathDouble.c,1696 :: 		
0x0274	0x2A76      	GOTO       SETEXP08
;__Lib_MathDouble.c,1697 :: 		
0x0275	0x2A94      	GOTO       SETIOV08
;__Lib_MathDouble.c,1698 :: 		
SETEXP08:
;__Lib_MathDouble.c,1699 :: 		
0x0276	0x09F3      	COMF       R3, 1
;__Lib_MathDouble.c,1700 :: 		
0x0277	0x0AF3      	INCF       R3, 1
;__Lib_MathDouble.c,1702 :: 		
0x0278	0x3008      	MOVLW      8
;__Lib_MathDouble.c,1703 :: 		
0x0279	0x0273      	SUBWF      R3, 0
;__Lib_MathDouble.c,1704 :: 		
0x027A	0x1C03      	BTFSS      STATUS, 0
;__Lib_MathDouble.c,1705 :: 		
0x027B	0x2A83      	GOTO       TSHIFT3208
;__Lib_MathDouble.c,1706 :: 		
0x027C	0x00F3      	MOVWF      R3
;__Lib_MathDouble.c,1707 :: 		
0x027D	0x0DF2      	RLF        R2, 1
;__Lib_MathDouble.c,1708 :: 		
0x027E	0x01F2      	CLRF       R2
;__Lib_MathDouble.c,1710 :: 		
0x027F	0x0873      	MOVF       R3, 0
;__Lib_MathDouble.c,1711 :: 		
0x0280	0x1D03      	BTFSS      STATUS, 2
;__Lib_MathDouble.c,1712 :: 		
0x0281	0x1003      	BCF        STATUS, 0
;__Lib_MathDouble.c,1713 :: 		
0x0282	0x2A8A      	GOTO       SHIFT3208OK
;__Lib_MathDouble.c,1714 :: 		
TSHIFT3208:
;__Lib_MathDouble.c,1715 :: 		
0x0283	0x0873      	MOVF       R3, 0
;__Lib_MathDouble.c,1716 :: 		
0x0284	0x1903      	BTFSC      STATUS, 2
;__Lib_MathDouble.c,1717 :: 		
0x0285	0x2A8A      	GOTO       SHIFT3208OK
;__Lib_MathDouble.c,1718 :: 		
SHIFT3208:
;__Lib_MathDouble.c,1719 :: 		
0x0286	0x1003      	BCF        STATUS, 0
;__Lib_MathDouble.c,1720 :: 		
0x0287	0x0CF2      	RRF        R2, 1
;__Lib_MathDouble.c,1721 :: 		
0x0288	0x0BF3      	DECFSZ     R3, 1
;__Lib_MathDouble.c,1722 :: 		
0x0289	0x2A86      	GOTO       SHIFT3208
;__Lib_MathDouble.c,1723 :: 		
SHIFT3208OK:
;__Lib_MathDouble.c,1724 :: 		
0x028A	0x1B7B      	BTFSC      R11, 6
;__Lib_MathDouble.c,1725 :: 		
0x028B	0x1C72      	BTFSS      R2, 0
;__Lib_MathDouble.c,1726 :: 		
0x028C	0x2A92      	GOTO       INT3208OK
;__Lib_MathDouble.c,1727 :: 		
0x028D	0x1C03      	BTFSS      STATUS, 0
;__Lib_MathDouble.c,1728 :: 		
0x028E	0x2A92      	GOTO       INT3208OK
;__Lib_MathDouble.c,1729 :: 		
0x028F	0x0AF2      	INCF       R2, 1
;__Lib_MathDouble.c,1730 :: 		
0x0290	0x1903      	BTFSC      STATUS, 2
;__Lib_MathDouble.c,1731 :: 		
0x0291	0x2A99      	GOTO       D2B_JPKSETIOV3224
;__Lib_MathDouble.c,1732 :: 		
INT3208OK:
;__Lib_MathDouble.c,1733 :: 		
IRES008:
;__Lib_MathDouble.c,1734 :: 		
0x0292	0x01F1      	CLRF       R1
;__Lib_MathDouble.c,1735 :: 		
0x0293	0x2A9C      	GOTO       INT3208EOK
;__Lib_MathDouble.c,1736 :: 		
SETIOV08:
;__Lib_MathDouble.c,1737 :: 		
0x0294	0x147B      	BSF        R11, 0
;__Lib_MathDouble.c,1738 :: 		
0x0295	0x1FFB      	BTFSS      R11, 7
;__Lib_MathDouble.c,1739 :: 		
0x0296	0x2A9F      	GOTO       INT3208EER
;__Lib_MathDouble.c,1741 :: 		
0x0297	0x01F1      	CLRF       R1
;__Lib_MathDouble.c,1742 :: 		
0x0298	0x2A9F      	GOTO       INT3208EER
;__Lib_MathDouble.c,1743 :: 		
D2B_JPKSETIOV3224:
;__Lib_MathDouble.c,1744 :: 		
0x0299	0x3001      	MOVLW      1
;__Lib_MathDouble.c,1745 :: 		
0x029A	0x00FC      	MOVWF      R12
;__Lib_MathDouble.c,1746 :: 		
0x029B	0x2AA1      	GOTO       INT3208EEE
;__Lib_MathDouble.c,1747 :: 		
INT3208EOK:
;__Lib_MathDouble.c,1748 :: 		
0x029C	0x3000      	MOVLW      0
;__Lib_MathDouble.c,1749 :: 		
0x029D	0x00FC      	MOVWF      R12
;__Lib_MathDouble.c,1750 :: 		
0x029E	0x2AA1      	GOTO       INT3208EEE
;__Lib_MathDouble.c,1751 :: 		
INT3208EER:
;__Lib_MathDouble.c,1752 :: 		
0x029F	0x30FF      	MOVLW      255
;__Lib_MathDouble.c,1753 :: 		
0x02A0	0x00FC      	MOVWF      R12
;__Lib_MathDouble.c,1754 :: 		
INT3208EEE:
;__Lib_MathDouble.c,1757 :: 		
0x02A1	0x08FC      	MOVF       R12, 1
;__Lib_MathDouble.c,1759 :: 		
0x02A2	0x1903      	BTFSC      STATUS, 2
;__Lib_MathDouble.c,1760 :: 		
0x02A3	0x2AA5      	GOTO       L_Double2Byte_0
;__Lib_MathDouble.c,1762 :: 		
0x02A4	0x20E2      	CALL       _SETIOV3224
;__Lib_MathDouble.c,1764 :: 		
L_Double2Byte_0:
;__Lib_MathDouble.c,1765 :: 		
0x02A5	0x0872      	MOVF       R2, 0
;__Lib_MathDouble.c,1766 :: 		
0x02A6	0x00F0      	MOVWF      R0
;__Lib_MathDouble.c,1770 :: 		
L_end_double2byte:
0x02A7	0x0008      	RETURN
; end of _double2byte
_Compare_Double:
;__Lib_MathDouble.c,2053 :: 		
;__Lib_MathDouble.c,2062 :: 		
;__Lib_MathDouble.c,2064 :: 		
0x02A8	0x1283      	BCF        STATUS, 5
;__Lib_MathDouble.c,2065 :: 		
0x02A9	0x1303      	BCF        STATUS, 6
;__Lib_MathDouble.c,2067 :: 		
0x02AA	0x01FA      	CLRF       R10
;__Lib_MathDouble.c,2068 :: 		
0x02AB	0x0873      	MOVF       R3, 0
;__Lib_MathDouble.c,2069 :: 		
0x02AC	0x1D03      	BTFSS      STATUS, 2
;__Lib_MathDouble.c,2070 :: 		
0x02AD	0x147A      	BSF        R10, 0
;__Lib_MathDouble.c,2071 :: 		
0x02AE	0x0877      	MOVF       R7, 0
;__Lib_MathDouble.c,2072 :: 		
0x02AF	0x1D03      	BTFSS      STATUS, 2
;__Lib_MathDouble.c,2073 :: 		
0x02B0	0x14FA      	BSF        R10, 1
;__Lib_MathDouble.c,2075 :: 		
0x02B1	0x087A      	MOVF       R10, 0
;__Lib_MathDouble.c,2076 :: 		
0x02B2	0x1903      	BTFSC      STATUS, 2
;__Lib_MathDouble.c,2077 :: 		
0x02B3	0x2AF4      	GOTO       COMPARE_EQU
;__Lib_MathDouble.c,2078 :: 		
0x02B4	0x3A03      	XORLW      3
;__Lib_MathDouble.c,2079 :: 		
0x02B5	0x1903      	BTFSC      STATUS, 2
;__Lib_MathDouble.c,2080 :: 		
0x02B6	0x2ABF      	GOTO       COMPARE_NOTZERO
;__Lib_MathDouble.c,2082 :: 		
0x02B7	0x187A      	BTFSC      R10, 0
;__Lib_MathDouble.c,2083 :: 		
0x02B8	0x2ABC      	GOTO       COMPARE_XNOTZERO
;__Lib_MathDouble.c,2085 :: 		
0x02B9	0x1FF6      	BTFSS      R6, 7
;__Lib_MathDouble.c,2086 :: 		
0x02BA	0x2AF2      	GOTO       COMPARE_LT
;__Lib_MathDouble.c,2087 :: 		
0x02BB	0x2AF0      	GOTO       COMPARE_GT
;__Lib_MathDouble.c,2088 :: 		
COMPARE_XNOTZERO:
;__Lib_MathDouble.c,2089 :: 		
0x02BC	0x1FF2      	BTFSS      R2, 7
;__Lib_MathDouble.c,2090 :: 		
0x02BD	0x2AF0      	GOTO       COMPARE_GT
;__Lib_MathDouble.c,2091 :: 		
0x02BE	0x2AF2      	GOTO       COMPARE_LT
;__Lib_MathDouble.c,2093 :: 		
COMPARE_NOTZERO:
;__Lib_MathDouble.c,2094 :: 		
0x02BF	0x0872      	MOVF       R2, 0
;__Lib_MathDouble.c,2095 :: 		
0x02C0	0x3980      	ANDLW      128
;__Lib_MathDouble.c,2096 :: 		
0x02C1	0x00FA      	MOVWF      R10
;__Lib_MathDouble.c,2097 :: 		
0x02C2	0x13F2      	BCF        R2, 7
;__Lib_MathDouble.c,2099 :: 		
0x02C3	0x0876      	MOVF       R6, 0
;__Lib_MathDouble.c,2100 :: 		
0x02C4	0x3980      	ANDLW      128
;__Lib_MathDouble.c,2101 :: 		
0x02C5	0x13F6      	BCF        R6, 7
;__Lib_MathDouble.c,2103 :: 		
0x02C6	0x067A      	XORWF      R10, 0
;__Lib_MathDouble.c,2104 :: 		
0x02C7	0x1903      	BTFSC      STATUS, 2
;__Lib_MathDouble.c,2105 :: 		
0x02C8	0x2ACD      	GOTO       COMPARE_TESTALL
;__Lib_MathDouble.c,2107 :: 		
0x02C9	0x087A      	MOVF       R10, 0
;__Lib_MathDouble.c,2108 :: 		
0x02CA	0x1903      	BTFSC      STATUS, 2
;__Lib_MathDouble.c,2109 :: 		
0x02CB	0x2AF0      	GOTO       COMPARE_GT
;__Lib_MathDouble.c,2110 :: 		
0x02CC	0x2AF2      	GOTO       COMPARE_LT
;__Lib_MathDouble.c,2112 :: 		
COMPARE_TESTALL:
;__Lib_MathDouble.c,2113 :: 		
0x02CD	0x0877      	MOVF       R7, 0
;__Lib_MathDouble.c,2114 :: 		
0x02CE	0x0273      	SUBWF      R3, 0
;__Lib_MathDouble.c,2115 :: 		
0x02CF	0x1903      	BTFSC      STATUS, 2
;__Lib_MathDouble.c,2116 :: 		
0x02D0	0x2AD4      	GOTO       COMPARE_C1
;__Lib_MathDouble.c,2117 :: 		
0x02D1	0x1C03      	BTFSS      STATUS, 0
;__Lib_MathDouble.c,2118 :: 		
0x02D2	0x2AE8      	GOTO       GT_FALSE
;__Lib_MathDouble.c,2119 :: 		
0x02D3	0x2AEC      	GOTO       GT_TRUE
;__Lib_MathDouble.c,2120 :: 		
COMPARE_C1:
;__Lib_MathDouble.c,2121 :: 		
0x02D4	0x0876      	MOVF       R6, 0
;__Lib_MathDouble.c,2122 :: 		
0x02D5	0x0272      	SUBWF      R2, 0
;__Lib_MathDouble.c,2123 :: 		
0x02D6	0x1903      	BTFSC      STATUS, 2
;__Lib_MathDouble.c,2124 :: 		
0x02D7	0x2ADB      	GOTO       COMPARE_C2
;__Lib_MathDouble.c,2125 :: 		
0x02D8	0x1C03      	BTFSS      STATUS, 0
;__Lib_MathDouble.c,2126 :: 		
0x02D9	0x2AE8      	GOTO       GT_FALSE
;__Lib_MathDouble.c,2127 :: 		
0x02DA	0x2AEC      	GOTO       GT_TRUE
;__Lib_MathDouble.c,2128 :: 		
COMPARE_C2:
;__Lib_MathDouble.c,2129 :: 		
0x02DB	0x0875      	MOVF       R5, 0
;__Lib_MathDouble.c,2130 :: 		
0x02DC	0x0271      	SUBWF      R1, 0
;__Lib_MathDouble.c,2131 :: 		
0x02DD	0x1903      	BTFSC      STATUS, 2
;__Lib_MathDouble.c,2132 :: 		
0x02DE	0x2AE2      	GOTO       COMPARE_C3
;__Lib_MathDouble.c,2133 :: 		
0x02DF	0x1C03      	BTFSS      STATUS, 0
;__Lib_MathDouble.c,2134 :: 		
0x02E0	0x2AE8      	GOTO       GT_FALSE
;__Lib_MathDouble.c,2135 :: 		
0x02E1	0x2AEC      	GOTO       GT_TRUE
;__Lib_MathDouble.c,2136 :: 		
COMPARE_C3:
;__Lib_MathDouble.c,2137 :: 		
0x02E2	0x0874      	MOVF       R4, 0
;__Lib_MathDouble.c,2138 :: 		
0x02E3	0x0270      	SUBWF      R0, 0
;__Lib_MathDouble.c,2139 :: 		
0x02E4	0x1903      	BTFSC      STATUS, 2
;__Lib_MathDouble.c,2140 :: 		
0x02E5	0x2AF4      	GOTO       COMPARE_EQU
;__Lib_MathDouble.c,2141 :: 		
0x02E6	0x1803      	BTFSC      STATUS, 0
;__Lib_MathDouble.c,2142 :: 		
0x02E7	0x2AEC      	GOTO       GT_TRUE
;__Lib_MathDouble.c,2144 :: 		
GT_FALSE:
;__Lib_MathDouble.c,2145 :: 		
0x02E8	0x08FA      	MOVF       R10, 1
;__Lib_MathDouble.c,2146 :: 		
0x02E9	0x1903      	BTFSC      STATUS, 2
;__Lib_MathDouble.c,2147 :: 		
0x02EA	0x2AF2      	GOTO       COMPARE_LT
;__Lib_MathDouble.c,2148 :: 		
0x02EB	0x2AF0      	GOTO       COMPARE_GT
;__Lib_MathDouble.c,2149 :: 		
GT_TRUE:
;__Lib_MathDouble.c,2150 :: 		
0x02EC	0x08FA      	MOVF       R10, 1
;__Lib_MathDouble.c,2151 :: 		
0x02ED	0x1903      	BTFSC      STATUS, 2
;__Lib_MathDouble.c,2152 :: 		
0x02EE	0x2AF0      	GOTO       COMPARE_GT
;__Lib_MathDouble.c,2153 :: 		
0x02EF	0x2AF2      	GOTO       COMPARE_LT
;__Lib_MathDouble.c,2155 :: 		
COMPARE_GT:
;__Lib_MathDouble.c,2158 :: 		
0x02F0	0x1403      	BSF        STATUS, 0
;__Lib_MathDouble.c,2159 :: 		
0x02F1	0x0008      	RETURN
;__Lib_MathDouble.c,2160 :: 		
COMPARE_LT:
;__Lib_MathDouble.c,2163 :: 		
0x02F2	0x1003      	BCF        STATUS, 0
;__Lib_MathDouble.c,2164 :: 		
0x02F3	0x0008      	RETURN
;__Lib_MathDouble.c,2165 :: 		
COMPARE_EQU:
;__Lib_MathDouble.c,2168 :: 		
0x02F4	0x1403      	BSF        STATUS, 0
;__Lib_MathDouble.c,2169 :: 		
0x02F5	0x1503      	BSF        STATUS, 2
;__Lib_MathDouble.c,2170 :: 		
0x02F6	0x0008      	RETURN
;__Lib_MathDouble.c,2172 :: 		
L_end_Compare_Double:
0x02F7	0x0008      	RETURN
; end of _Compare_Double
_abs:
;__Lib_CStdlib.c,37 :: 		
;__Lib_CStdlib.c,38 :: 		
0x02F8	0x3080      	MOVLW      128
0x02F9	0x1283      	BCF        STATUS, 5
0x02FA	0x1303      	BCF        STATUS, 6
0x02FB	0x0645      	XORWF      FARG_abs_a+1, 0
0x02FC	0x00F0      	MOVWF      R0
0x02FD	0x3080      	MOVLW      128
0x02FE	0x0270      	SUBWF      R0, 0
0x02FF	0x1D03      	BTFSS      STATUS, 2
0x0300	0x2B03      	GOTO       L__abs93
0x0301	0x3000      	MOVLW      0
0x0302	0x0244      	SUBWF      FARG_abs_a, 0
L__abs93:
0x0303	0x1803      	BTFSC      STATUS, 0
0x0304	0x2B0E      	GOTO       L_abs0
;__Lib_CStdlib.c,39 :: 		
0x0305	0x0844      	MOVF       FARG_abs_a, 0
0x0306	0x3C00      	SUBLW      0
0x0307	0x00F0      	MOVWF      R0
0x0308	0x0845      	MOVF       FARG_abs_a+1, 0
0x0309	0x1C03      	BTFSS      STATUS, 0
0x030A	0x3E01      	ADDLW      1
0x030B	0x01F1      	CLRF       R0+1
0x030C	0x02F1      	SUBWF      R0+1, 1
0x030D	0x2B12      	GOTO       L_end_abs
L_abs0:
;__Lib_CStdlib.c,40 :: 		
0x030E	0x0844      	MOVF       FARG_abs_a, 0
0x030F	0x00F0      	MOVWF      R0
0x0310	0x0845      	MOVF       FARG_abs_a+1, 0
0x0311	0x00F1      	MOVWF      R0+1
;__Lib_CStdlib.c,41 :: 		
L_end_abs:
0x0312	0x0008      	RETURN
; end of _abs
___CC2DW:
;__Lib_System.c,134 :: 		
;__Lib_System.c,137 :: 		
_CC2D_Loop1:
;__Lib_System.c,139 :: 		
0x0313	0x20D8      	CALL       _____DoICP
0x0314	0x118A      	BCF        PCLATH, 3
0x0315	0x120A      	BCF        PCLATH, 4
;__Lib_System.c,141 :: 		
0x0316	0x0080      	MOVWF      INDF
;__Lib_System.c,142 :: 		
0x0317	0x0A84      	INCF       FSR, 1
;__Lib_System.c,143 :: 		
0x0318	0x0AB8      	INCF       ___DoICPAddr, 1
;__Lib_System.c,145 :: 		
0x0319	0x1903      	BTFSC      STATUS, 2
;__Lib_System.c,146 :: 		
0x031A	0x0AB9      	INCF       ___DoICPAddr+1, 1
;__Lib_System.c,147 :: 		
0x031B	0x03F0      	DECF       R0, 1
;__Lib_System.c,149 :: 		
0x031C	0x1D03      	BTFSS      STATUS, 2
;__Lib_System.c,150 :: 		
0x031D	0x2B13      	GOTO       _CC2D_Loop1
;__Lib_System.c,152 :: 		
L_end___CC2DW:
0x031E	0x0008      	RETURN
; end of ___CC2DW
_Div_32x32_FP:
;__Lib_MathDouble.c,761 :: 		
;__Lib_MathDouble.c,773 :: 		
;__Lib_MathDouble.c,776 :: 		
0x031F	0x1283      	BCF        STATUS, 5
0x0320	0x1303      	BCF        STATUS, 6
0x0321	0x0874      	MOVF       R4, 0
0x0322	0x3A00      	XORLW      0
0x0323	0x1D03      	BTFSS      STATUS, 2
0x0324	0x2B3A      	GOTO       L_Div_32x32_FP7
;__Lib_MathDouble.c,777 :: 		
0x0325	0x0875      	MOVF       R5, 0
0x0326	0x3A00      	XORLW      0
0x0327	0x1D03      	BTFSS      STATUS, 2
0x0328	0x2B3A      	GOTO       L_Div_32x32_FP8
;__Lib_MathDouble.c,778 :: 		
0x0329	0x0876      	MOVF       R6, 0
0x032A	0x3A00      	XORLW      0
0x032B	0x1D03      	BTFSS      STATUS, 2
0x032C	0x2B3A      	GOTO       L_Div_32x32_FP9
;__Lib_MathDouble.c,779 :: 		
0x032D	0x0877      	MOVF       R7, 0
0x032E	0x3A00      	XORLW      0
0x032F	0x1D03      	BTFSS      STATUS, 2
0x0330	0x2B3A      	GOTO       L_Div_32x32_FP10
;__Lib_MathDouble.c,780 :: 		
0x0331	0x30FF      	MOVLW      255
0x0332	0x00F0      	MOVWF      R0
;__Lib_MathDouble.c,781 :: 		
0x0333	0x30FF      	MOVLW      255
0x0334	0x00F1      	MOVWF      R1
;__Lib_MathDouble.c,782 :: 		
0x0335	0x307F      	MOVLW      127
0x0336	0x00F2      	MOVWF      R2
;__Lib_MathDouble.c,783 :: 		
0x0337	0x30FF      	MOVLW      255
0x0338	0x00F3      	MOVWF      R3
;__Lib_MathDouble.c,784 :: 		
0x0339	0x2BD5      	GOTO       L_end_Div_32x32_FP
;__Lib_MathDouble.c,785 :: 		
L_Div_32x32_FP10:
L_Div_32x32_FP9:
L_Div_32x32_FP8:
L_Div_32x32_FP7:
;__Lib_MathDouble.c,788 :: 		
0x033A	0x1283      	BCF        STATUS, 5
;__Lib_MathDouble.c,789 :: 		
0x033B	0x1303      	BCF        STATUS, 6
;__Lib_MathDouble.c,791 :: 		
0x033C	0x0877      	MOVF       R7, 0
;__Lib_MathDouble.c,792 :: 		
0x033D	0x1903      	BTFSC      STATUS, 2
;__Lib_MathDouble.c,793 :: 		
0x033E	0x2BC9      	GOTO       JPDSETFDZ32
;__Lib_MathDouble.c,795 :: 		
0x033F	0x0873      	MOVF       R3, 0
;__Lib_MathDouble.c,796 :: 		
0x0340	0x1903      	BTFSC      STATUS, 2
;__Lib_MathDouble.c,797 :: 		
0x0341	0x2BCC      	GOTO       JPDRES032
;__Lib_MathDouble.c,799 :: 		
0x0342	0x0872      	MOVF       R2, 0
;__Lib_MathDouble.c,800 :: 		
0x0343	0x0676      	XORWF      R6, 0
;__Lib_MathDouble.c,801 :: 		
0x0344	0x3980      	ANDLW      128
;__Lib_MathDouble.c,802 :: 		
0x0345	0x00FA      	MOVWF      R10
;__Lib_MathDouble.c,803 :: 		
0x0346	0x17F2      	BSF        R2, 7
;__Lib_MathDouble.c,804 :: 		
0x0347	0x17F6      	BSF        R6, 7
;__Lib_MathDouble.c,806 :: 		
0x0348	0x01A0      	CLRF       __math_tempbD
;__Lib_MathDouble.c,807 :: 		
0x0349	0x0872      	MOVF       R2, 0
;__Lib_MathDouble.c,808 :: 		
0x034A	0x00F8      	MOVWF      R8
;__Lib_MathDouble.c,809 :: 		
0x034B	0x0871      	MOVF       R1, 0
;__Lib_MathDouble.c,810 :: 		
0x034C	0x00FC      	MOVWF      R12
;__Lib_MathDouble.c,811 :: 		
0x034D	0x0870      	MOVF       R0, 0
;__Lib_MathDouble.c,812 :: 		
0x034E	0x00FD      	MOVWF      R13
;__Lib_MathDouble.c,814 :: 		
0x034F	0x0874      	MOVF       R4, 0
;__Lib_MathDouble.c,815 :: 		
0x0350	0x02FD      	SUBWF      R13, 1
;__Lib_MathDouble.c,816 :: 		
0x0351	0x0875      	MOVF       R5, 0
;__Lib_MathDouble.c,817 :: 		
0x0352	0x1C03      	BTFSS      STATUS, 0
;__Lib_MathDouble.c,818 :: 		
0x0353	0x0F75      	INCFSZ     R5, 0
;__Lib_MathDouble.c,820 :: 		
0x0354	0x02FC      	SUBWF      R12, 1
;__Lib_MathDouble.c,821 :: 		
0x0355	0x0876      	MOVF       R6, 0
;__Lib_MathDouble.c,822 :: 		
0x0356	0x1C03      	BTFSS      STATUS, 0
;__Lib_MathDouble.c,823 :: 		
0x0357	0x0F76      	INCFSZ     R6, 0
;__Lib_MathDouble.c,825 :: 		
0x0358	0x02F8      	SUBWF      R8, 1
;__Lib_MathDouble.c,826 :: 		
0x0359	0x01F8      	CLRF       R8
;__Lib_MathDouble.c,827 :: 		
0x035A	0x01FC      	CLRF       R12
;__Lib_MathDouble.c,828 :: 		
0x035B	0x01FD      	CLRF       R13
;__Lib_MathDouble.c,829 :: 		
0x035C	0x1C03      	BTFSS      STATUS, 0
;__Lib_MathDouble.c,830 :: 		
0x035D	0x2B65      	GOTO       DALIGN32OK
;__Lib_MathDouble.c,832 :: 		
0x035E	0x1003      	BCF        STATUS, 0
;__Lib_MathDouble.c,833 :: 		
0x035F	0x0CF2      	RRF        R2, 1
;__Lib_MathDouble.c,834 :: 		
0x0360	0x0CF1      	RRF        R1, 1
;__Lib_MathDouble.c,835 :: 		
0x0361	0x0CF0      	RRF        R0, 1
;__Lib_MathDouble.c,836 :: 		
0x0362	0x0CF8      	RRF        R8, 1
;__Lib_MathDouble.c,837 :: 		
0x0363	0x3001      	MOVLW      1
;__Lib_MathDouble.c,838 :: 		
0x0364	0x00A0      	MOVWF      __math_tempbD
;__Lib_MathDouble.c,839 :: 		
DALIGN32OK:
;__Lib_MathDouble.c,840 :: 		
0x0365	0x0877      	MOVF       R7, 0
;__Lib_MathDouble.c,841 :: 		
0x0366	0x02F3      	SUBWF      R3, 1
;__Lib_MathDouble.c,842 :: 		
0x0367	0x1C03      	BTFSS      STATUS, 0
;__Lib_MathDouble.c,843 :: 		
0x0368	0x2B6F      	GOTO       ALTB32
;__Lib_MathDouble.c,845 :: 		
0x0369	0x307E      	MOVLW      126
;__Lib_MathDouble.c,846 :: 		
0x036A	0x0720      	ADDWF      __math_tempbD, 0
;__Lib_MathDouble.c,847 :: 		
0x036B	0x07F3      	ADDWF      R3, 1
;__Lib_MathDouble.c,848 :: 		
0x036C	0x1803      	BTFSC      STATUS, 0
;__Lib_MathDouble.c,849 :: 		
0x036D	0x2BCF      	GOTO       JPDSETFOV32
;__Lib_MathDouble.c,850 :: 		
0x036E	0x2B74      	GOTO       DARGOK32
;__Lib_MathDouble.c,851 :: 		
ALTB32:
;__Lib_MathDouble.c,852 :: 		
0x036F	0x307E      	MOVLW      126
;__Lib_MathDouble.c,853 :: 		
0x0370	0x0720      	ADDWF      __math_tempbD, 0
;__Lib_MathDouble.c,854 :: 		
0x0371	0x07F3      	ADDWF      R3, 1
;__Lib_MathDouble.c,855 :: 		
0x0372	0x1C03      	BTFSS      STATUS, 0
;__Lib_MathDouble.c,856 :: 		
0x0373	0x2BD2      	GOTO       JPDSETFUN32
;__Lib_MathDouble.c,857 :: 		
DARGOK32:
;__Lib_MathDouble.c,858 :: 		
0x0374	0x3018      	MOVLW      24
;__Lib_MathDouble.c,860 :: 		
0x0375	0x07FA      	ADDWF      R10, 1
;__Lib_MathDouble.c,861 :: 		
DLOOP32:
;__Lib_MathDouble.c,862 :: 		
0x0376	0x0DFD      	RLF        R13, 1
;__Lib_MathDouble.c,863 :: 		
0x0377	0x0DFC      	RLF        R12, 1
;__Lib_MathDouble.c,864 :: 		
0x0378	0x0DF8      	RLF        R8, 1
;__Lib_MathDouble.c,865 :: 		
0x0379	0x0DF0      	RLF        R0, 1
;__Lib_MathDouble.c,866 :: 		
0x037A	0x0DF1      	RLF        R1, 1
;__Lib_MathDouble.c,867 :: 		
0x037B	0x0DF2      	RLF        R2, 1
;__Lib_MathDouble.c,868 :: 		
0x037C	0x0DA0      	RLF        __math_tempbD, 1
;__Lib_MathDouble.c,870 :: 		
0x037D	0x0874      	MOVF       R4, 0
;__Lib_MathDouble.c,871 :: 		
0x037E	0x02F0      	SUBWF      R0, 1
;__Lib_MathDouble.c,872 :: 		
0x037F	0x0875      	MOVF       R5, 0
;__Lib_MathDouble.c,873 :: 		
0x0380	0x1C03      	BTFSS      STATUS, 0
;__Lib_MathDouble.c,874 :: 		
0x0381	0x0F75      	INCFSZ     R5, 0
;__Lib_MathDouble.c,876 :: 		
0x0382	0x02F1      	SUBWF      R1, 1
;__Lib_MathDouble.c,877 :: 		
0x0383	0x0876      	MOVF       R6, 0
;__Lib_MathDouble.c,878 :: 		
0x0384	0x1C03      	BTFSS      STATUS, 0
;__Lib_MathDouble.c,879 :: 		
0x0385	0x0F76      	INCFSZ     R6, 0
;__Lib_MathDouble.c,881 :: 		
0x0386	0x02F2      	SUBWF      R2, 1
;__Lib_MathDouble.c,882 :: 		
0x0387	0x0D76      	RLF        R6, 0
;__Lib_MathDouble.c,883 :: 		
0x0388	0x04A0      	IORWF      __math_tempbD, 1
;__Lib_MathDouble.c,884 :: 		
0x0389	0x1C20      	BTFSS      __math_tempbD, 0
;__Lib_MathDouble.c,885 :: 		
0x038A	0x2B8D      	GOTO       DREST32
;__Lib_MathDouble.c,886 :: 		
0x038B	0x147D      	BSF        R13, 0
;__Lib_MathDouble.c,887 :: 		
0x038C	0x2B98      	GOTO       DOK32
;__Lib_MathDouble.c,888 :: 		
DREST32:
;__Lib_MathDouble.c,889 :: 		
0x038D	0x0874      	MOVF       R4, 0
;__Lib_MathDouble.c,890 :: 		
0x038E	0x07F0      	ADDWF      R0, 1
;__Lib_MathDouble.c,891 :: 		
0x038F	0x0875      	MOVF       R5, 0
;__Lib_MathDouble.c,892 :: 		
0x0390	0x1803      	BTFSC      STATUS, 0
;__Lib_MathDouble.c,893 :: 		
0x0391	0x0F75      	INCFSZ     R5, 0
;__Lib_MathDouble.c,895 :: 		
0x0392	0x07F1      	ADDWF      R1, 1
;__Lib_MathDouble.c,896 :: 		
0x0393	0x0876      	MOVF       R6, 0
;__Lib_MathDouble.c,897 :: 		
0x0394	0x1803      	BTFSC      STATUS, 0
;__Lib_MathDouble.c,898 :: 		
0x0395	0x0A76      	INCF       R6, 0
;__Lib_MathDouble.c,899 :: 		
0x0396	0x07F2      	ADDWF      R2, 1
;__Lib_MathDouble.c,900 :: 		
0x0397	0x107D      	BCF        R13, 0
;__Lib_MathDouble.c,901 :: 		
DOK32:
;__Lib_MathDouble.c,903 :: 		
0x0398	0x03FA      	DECF       R10, 1
;__Lib_MathDouble.c,904 :: 		
0x0399	0x301F      	MOVLW      31
;__Lib_MathDouble.c,905 :: 		
0x039A	0x057A      	ANDWF      R10, 0
;__Lib_MathDouble.c,906 :: 		
0x039B	0x1D03      	BTFSS      STATUS, 2
;__Lib_MathDouble.c,907 :: 		
0x039C	0x2B76      	GOTO       DLOOP32
;__Lib_MathDouble.c,909 :: 		
0x039D	0x1B7B      	BTFSC      R11, 6
;__Lib_MathDouble.c,910 :: 		
0x039E	0x1C7D      	BTFSS      R13, 0
;__Lib_MathDouble.c,911 :: 		
0x039F	0x2BBF      	GOTO       DIV32OK
;__Lib_MathDouble.c,912 :: 		
0x03A0	0x1003      	BCF        STATUS, 0
;__Lib_MathDouble.c,913 :: 		
0x03A1	0x0DF0      	RLF        R0, 1
;__Lib_MathDouble.c,914 :: 		
0x03A2	0x0DF1      	RLF        R1, 1
;__Lib_MathDouble.c,915 :: 		
0x03A3	0x0DF2      	RLF        R2, 1
;__Lib_MathDouble.c,916 :: 		
0x03A4	0x0DA0      	RLF        __math_tempbD, 1
;__Lib_MathDouble.c,918 :: 		
0x03A5	0x0874      	MOVF       R4, 0
;__Lib_MathDouble.c,919 :: 		
0x03A6	0x02F0      	SUBWF      R0, 1
;__Lib_MathDouble.c,920 :: 		
0x03A7	0x0875      	MOVF       R5, 0
;__Lib_MathDouble.c,921 :: 		
0x03A8	0x1C03      	BTFSS      STATUS, 0
;__Lib_MathDouble.c,922 :: 		
0x03A9	0x0F75      	INCFSZ     R5, 0
;__Lib_MathDouble.c,923 :: 		
0x03AA	0x02F1      	SUBWF      R1, 1
;__Lib_MathDouble.c,924 :: 		
0x03AB	0x0876      	MOVF       R6, 0
;__Lib_MathDouble.c,925 :: 		
0x03AC	0x1C03      	BTFSS      STATUS, 0
;__Lib_MathDouble.c,926 :: 		
0x03AD	0x0F76      	INCFSZ     R6, 0
;__Lib_MathDouble.c,927 :: 		
0x03AE	0x02F2      	SUBWF      R2, 1
;__Lib_MathDouble.c,928 :: 		
0x03AF	0x0D76      	RLF        R6, 0
;__Lib_MathDouble.c,929 :: 		
0x03B0	0x0420      	IORWF      __math_tempbD, 0
;__Lib_MathDouble.c,930 :: 		
0x03B1	0x3901      	ANDLW      1
;__Lib_MathDouble.c,931 :: 		
0x03B2	0x07FD      	ADDWF      R13, 1
;__Lib_MathDouble.c,932 :: 		
0x03B3	0x1803      	BTFSC      STATUS, 0
;__Lib_MathDouble.c,933 :: 		
0x03B4	0x0AFC      	INCF       R12, 1
;__Lib_MathDouble.c,934 :: 		
0x03B5	0x1903      	BTFSC      STATUS, 2
;__Lib_MathDouble.c,935 :: 		
0x03B6	0x0AF8      	INCF       R8, 1
;__Lib_MathDouble.c,936 :: 		
0x03B7	0x1D03      	BTFSS      STATUS, 2
;__Lib_MathDouble.c,937 :: 		
0x03B8	0x2BBF      	GOTO       DIV32OK
;__Lib_MathDouble.c,938 :: 		
0x03B9	0x0CF8      	RRF        R8, 1
;__Lib_MathDouble.c,939 :: 		
0x03BA	0x0CFC      	RRF        R12, 1
;__Lib_MathDouble.c,940 :: 		
0x03BB	0x0CFD      	RRF        R13, 1
;__Lib_MathDouble.c,941 :: 		
0x03BC	0x0AF3      	INCF       R3, 1
;__Lib_MathDouble.c,942 :: 		
0x03BD	0x1903      	BTFSC      STATUS, 2
;__Lib_MathDouble.c,943 :: 		
0x03BE	0x2BCF      	GOTO       JPDSETFOV32
;__Lib_MathDouble.c,944 :: 		
DIV32OK:
;__Lib_MathDouble.c,945 :: 		
0x03BF	0x1FFA      	BTFSS      R10, 7
;__Lib_MathDouble.c,946 :: 		
0x03C0	0x13F8      	BCF        R8, 7
;__Lib_MathDouble.c,947 :: 		
0x03C1	0x0878      	MOVF       R8, 0
;__Lib_MathDouble.c,948 :: 		
0x03C2	0x00F2      	MOVWF      R2
;__Lib_MathDouble.c,949 :: 		
0x03C3	0x087C      	MOVF       R12, 0
;__Lib_MathDouble.c,950 :: 		
0x03C4	0x00F1      	MOVWF      R1
;__Lib_MathDouble.c,951 :: 		
0x03C5	0x087D      	MOVF       R13, 0
;__Lib_MathDouble.c,952 :: 		
0x03C6	0x00F0      	MOVWF      R0
;__Lib_MathDouble.c,954 :: 		
0x03C7	0x3000      	MOVLW      0
;__Lib_MathDouble.c,956 :: 		
0x03C8	0x2BD4      	GOTO       DIV32EEE
;__Lib_MathDouble.c,957 :: 		
JPDSETFDZ32:
;__Lib_MathDouble.c,958 :: 		
0x03C9	0x3001      	MOVLW      1
;__Lib_MathDouble.c,961 :: 		
0x03CA	0x20DF      	CALL       _SETFDZ32
;__Lib_MathDouble.c,963 :: 		
0x03CB	0x2BD4      	GOTO       DIV32EEE
;__Lib_MathDouble.c,964 :: 		
JPDRES032:
;__Lib_MathDouble.c,965 :: 		
0x03CC	0x3002      	MOVLW      2
;__Lib_MathDouble.c,968 :: 		
0x03CD	0x2075      	CALL       _RES032
;__Lib_MathDouble.c,970 :: 		
0x03CE	0x2BD4      	GOTO       DIV32EEE
;__Lib_MathDouble.c,971 :: 		
JPDSETFOV32:
;__Lib_MathDouble.c,972 :: 		
0x03CF	0x3004      	MOVLW      4
;__Lib_MathDouble.c,975 :: 		
0x03D0	0x208C      	CALL       _SETFOV32
;__Lib_MathDouble.c,977 :: 		
0x03D1	0x2BD4      	GOTO       DIV32EEE
;__Lib_MathDouble.c,978 :: 		
JPDSETFUN32:
;__Lib_MathDouble.c,979 :: 		
0x03D2	0x3008      	MOVLW      8
;__Lib_MathDouble.c,982 :: 		
0x03D3	0x207C      	CALL       _SETFUN32
;__Lib_MathDouble.c,984 :: 		
DIV32EEE:
;__Lib_MathDouble.c,985 :: 		
0x03D4	0x0000      	NOP
;__Lib_MathDouble.c,994 :: 		
L_end_Div_32x32_FP:
0x03D5	0x0008      	RETURN
; end of _Div_32x32_FP
_longint2double:
;__Lib_MathDouble.c,1903 :: 		
;__Lib_MathDouble.c,1910 :: 		
0x03D6	0x1283      	BCF        STATUS, 5
;__Lib_MathDouble.c,1911 :: 		
0x03D7	0x1303      	BCF        STATUS, 6
;__Lib_MathDouble.c,1913 :: 		
0x03D8	0x0870      	MOVF       R0, 0
;__Lib_MathDouble.c,1914 :: 		
0x03D9	0x00F8      	MOVWF      R8
;__Lib_MathDouble.c,1915 :: 		
0x03DA	0x0871      	MOVF       R1, 0
;__Lib_MathDouble.c,1916 :: 		
0x03DB	0x00F0      	MOVWF      R0
;__Lib_MathDouble.c,1917 :: 		
0x03DC	0x0872      	MOVF       R2, 0
;__Lib_MathDouble.c,1918 :: 		
0x03DD	0x00F1      	MOVWF      R1
;__Lib_MathDouble.c,1919 :: 		
0x03DE	0x0873      	MOVF       R3, 0
;__Lib_MathDouble.c,1920 :: 		
0x03DF	0x00F2      	MOVWF      R2
;__Lib_MathDouble.c,1921 :: 		
0x03E0	0x01F3      	CLRF       R3
;__Lib_MathDouble.c,1924 :: 		
0x03E1	0x01FB      	CLRF       R11
;__Lib_MathDouble.c,1925 :: 		
0x03E2	0x01FC      	CLRF       R12
;__Lib_MathDouble.c,1927 :: 		
0x03E3	0x309E      	MOVLW      158
;__Lib_MathDouble.c,1928 :: 		
0x03E4	0x00F3      	MOVWF      R3
;__Lib_MathDouble.c,1929 :: 		
0x03E5	0x01FA      	CLRF       R10
;__Lib_MathDouble.c,1930 :: 		
0x03E6	0x1FF2      	BTFSS      R2, 7
;__Lib_MathDouble.c,1931 :: 		
0x03E7	0x2BF4      	GOTO       FLO3232EEE
;__Lib_MathDouble.c,1932 :: 		
0x03E8	0x09F8      	COMF       R8, 1
;__Lib_MathDouble.c,1933 :: 		
0x03E9	0x09F0      	COMF       R0, 1
;__Lib_MathDouble.c,1934 :: 		
0x03EA	0x09F1      	COMF       R1, 1
;__Lib_MathDouble.c,1935 :: 		
0x03EB	0x09F2      	COMF       R2, 1
;__Lib_MathDouble.c,1936 :: 		
0x03EC	0x0AF8      	INCF       R8, 1
;__Lib_MathDouble.c,1937 :: 		
0x03ED	0x1903      	BTFSC      STATUS, 2
;__Lib_MathDouble.c,1938 :: 		
0x03EE	0x0AF0      	INCF       R0, 1
;__Lib_MathDouble.c,1939 :: 		
0x03EF	0x1903      	BTFSC      STATUS, 2
;__Lib_MathDouble.c,1940 :: 		
0x03F0	0x0AF1      	INCF       R1, 1
;__Lib_MathDouble.c,1941 :: 		
0x03F1	0x1903      	BTFSC      STATUS, 2
;__Lib_MathDouble.c,1942 :: 		
0x03F2	0x0AF2      	INCF       R2, 1
;__Lib_MathDouble.c,1943 :: 		
0x03F3	0x17FA      	BSF        R10, 7
;__Lib_MathDouble.c,1944 :: 		
FLO3232EEE:
;__Lib_MathDouble.c,1945 :: 		
0x03F4	0x3002      	MOVLW      2
;__Lib_MathDouble.c,1946 :: 		
0x03F5	0x00FC      	MOVWF      R12
;__Lib_MathDouble.c,1948 :: 		
0x03F6	0x20EF      	CALL       _NRM4032
;__Lib_MathDouble.c,1949 :: 		
L_end_longint2double:
0x03F7	0x0008      	RETURN
; end of _longint2double
_main:
0x03F8	0x1283      	BCF        STATUS, 5
0x03F9	0x1303      	BCF        STATUS, 6
0x03FA	0x01A5      	CLRF       _temp
0x03FB	0x01A6      	CLRF       _tmr1
0x03FC	0x01A7      	CLRF       39
0x03FD	0x01A8      	CLRF       40
0x03FE	0x01A9      	CLRF       41
0x03FF	0x01AA      	CLRF       _ticks1
0x0400	0x01AB      	CLRF       43
0x0401	0x01AC      	CLRF       44
0x0402	0x01AD      	CLRF       45
0x0403	0x01AE      	CLRF       _state
0x0404	0x01AF      	CLRF       _ticks2
0x0405	0x01B0      	CLRF       48
0x0406	0x01B1      	CLRF       49
0x0407	0x01B2      	CLRF       50
0x0408	0x01B3      	CLRF       _timeout
0x0409	0x01B4      	CLRF       52
0x040A	0x01B5      	CLRF       53
0x040B	0x01B6      	CLRF       54
0x040C	0x01B7      	CLRF       _last_state
;radar.c,115 :: 		void main(void)
;radar.c,118 :: 		int32_t delta_ticks = 0;
0x040D	0x01BC      	CLRF       main_delta_ticks_L0
0x040E	0x01BD      	CLRF       main_delta_ticks_L0+1
0x040F	0x01BE      	CLRF       main_delta_ticks_L0+2
0x0410	0x01BF      	CLRF       main_delta_ticks_L0+3
0x0411	0x01C0      	CLRF       main_speed_km_h_L0
0x0412	0x01C1      	CLRF       main_speed_km_h_L0+1
0x0413	0x01C2      	CLRF       main_speed_km_h_L0+2
0x0414	0x01C3      	CLRF       main_speed_km_h_L0+3
;radar.c,122 :: 		PIR1.TMR1IF = 0;    // Limpa o flag do Timer1
0x0415	0x100C      	BCF        PIR1, 0
;radar.c,123 :: 		TMR1H = TMR1_H;     // Configura o tempo de estouro do Timer1
0x0416	0x30FC      	MOVLW      252
0x0417	0x008F      	MOVWF      TMR1H
;radar.c,124 :: 		TMR1L = TMR1_L;
0x0418	0x3018      	MOVLW      24
0x0419	0x008E      	MOVWF      TMR1L
;radar.c,125 :: 		T1CON.TMR1CS = 0;   // Oscilador interno (modo temporizador)
0x041A	0x1090      	BCF        T1CON, 1
;radar.c,126 :: 		T1CON.T1CKPS0 = 0;  // Prescala 1:1
0x041B	0x1210      	BCF        T1CON, 4
;radar.c,127 :: 		T1CON.T1CKPS1 = 0;
0x041C	0x1290      	BCF        T1CON, 5
;radar.c,130 :: 		ADCON1 = 7;         // Todos os IOs como digital
0x041D	0x3007      	MOVLW      7
0x041E	0x1683      	BSF        STATUS, 5
0x041F	0x009F      	MOVWF      ADCON1
;radar.c,131 :: 		TRISB = 0b00110000; // Ports B.4 e B.5 como entrada
0x0420	0x3030      	MOVLW      48
0x0421	0x0086      	MOVWF      TRISB
;radar.c,132 :: 		TRISC = 0b00000000; // Todos pinos do PORTC como saída
0x0422	0x0187      	CLRF       TRISC
;radar.c,133 :: 		TRISD = 0b00000000; // Todos pinos do PORTD como saída
0x0423	0x0188      	CLRF       TRISD
;radar.c,134 :: 		PORTB = PORTC = PORTD = 0;  // Zera PORTB, PORTC e PORTD
0x0424	0x1283      	BCF        STATUS, 5
0x0425	0x0188      	CLRF       PORTD
0x0426	0x0808      	MOVF       PORTD, 0
0x0427	0x0087      	MOVWF      PORTC
0x0428	0x0807      	MOVF       PORTC, 0
0x0429	0x0086      	MOVWF      PORTB
;radar.c,137 :: 		delay_ms(2000);
0x042A	0x3033      	MOVLW      51
0x042B	0x00FB      	MOVWF      R11
0x042C	0x30BB      	MOVLW      187
0x042D	0x00FC      	MOVWF      R12
0x042E	0x30DF      	MOVLW      223
0x042F	0x00FD      	MOVWF      R13
L_main12:
0x0430	0x0BFD      	DECFSZ     R13, 1
0x0431	0x2C30      	GOTO       L_main12
0x0432	0x0BFC      	DECFSZ     R12, 1
0x0433	0x2C30      	GOTO       L_main12
0x0434	0x0BFB      	DECFSZ     R11, 1
0x0435	0x2C30      	GOTO       L_main12
0x0436	0x0000      	NOP
0x0437	0x0000      	NOP
;radar.c,138 :: 		PIE1.TMR1IE = 1;    // Habilita a interrupção do Timer1
0x0438	0x1683      	BSF        STATUS, 5
0x0439	0x140C      	BSF        PIE1, 0
;radar.c,139 :: 		INTCON.PEIE = 1;    // Habilita a interrupção dos periféricos
0x043A	0x170B      	BSF        INTCON, 6
;radar.c,140 :: 		T1CON.TMR1ON = 1;   // Habilita a contagem do Timer1
0x043B	0x1283      	BCF        STATUS, 5
0x043C	0x1410      	BSF        T1CON, 0
;radar.c,141 :: 		INTCON.RBIE = 1;    // Habilita a interrupção do PORTB
0x043D	0x158B      	BSF        INTCON, 3
;radar.c,142 :: 		INTCON.GIE = 1;     // Habilita as interrupções de uso geral
0x043E	0x178B      	BSF        INTCON, 7
;radar.c,152 :: 		while (1)
L_main13:
;radar.c,155 :: 		switch (state)
0x043F	0x2DD1      	GOTO       L_main15
;radar.c,157 :: 		case IDLE: /* Estado ocioso - não faz nada */
L_main17:
;radar.c,160 :: 		last_state = IDLE;
0x0440	0x01B7      	CLRF       _last_state
;radar.c,161 :: 		break;
0x0441	0x2DF2      	GOTO       L_main16
;radar.c,163 :: 		case READ1: /* Tratamento da leitura do SENSOR1 */
L_main18:
;radar.c,167 :: 		if (last_state == IDLE) state = WAIT2;
0x0442	0x0837      	MOVF       _last_state, 0
0x0443	0x3A00      	XORLW      0
0x0444	0x1D03      	BTFSS      STATUS, 2
0x0445	0x2C49      	GOTO       L_main19
0x0446	0x3004      	MOVLW      4
0x0447	0x00AE      	MOVWF      _state
0x0448	0x2C52      	GOTO       L_main20
L_main19:
;radar.c,168 :: 		else if (last_state == WAIT1) state = OK;
0x0449	0x0837      	MOVF       _last_state, 0
0x044A	0x3A03      	XORLW      3
0x044B	0x1D03      	BTFSS      STATUS, 2
0x044C	0x2C50      	GOTO       L_main21
0x044D	0x3006      	MOVLW      6
0x044E	0x00AE      	MOVWF      _state
0x044F	0x2C52      	GOTO       L_main22
L_main21:
;radar.c,169 :: 		else state = ERROR;
0x0450	0x3007      	MOVLW      7
0x0451	0x00AE      	MOVWF      _state
L_main22:
L_main20:
;radar.c,171 :: 		last_state = READ1;
0x0452	0x3001      	MOVLW      1
0x0453	0x00B7      	MOVWF      _last_state
;radar.c,172 :: 		timeout = 0;
0x0454	0x01B3      	CLRF       _timeout
0x0455	0x01B4      	CLRF       _timeout+1
0x0456	0x01B5      	CLRF       _timeout+2
0x0457	0x01B6      	CLRF       _timeout+3
;radar.c,173 :: 		break;
0x0458	0x2DF2      	GOTO       L_main16
;radar.c,175 :: 		case READ2: /* Tratamento da leitura do SENSOR2 */
L_main23:
;radar.c,179 :: 		if (last_state == IDLE) state = WAIT1;
0x0459	0x0837      	MOVF       _last_state, 0
0x045A	0x3A00      	XORLW      0
0x045B	0x1D03      	BTFSS      STATUS, 2
0x045C	0x2C60      	GOTO       L_main24
0x045D	0x3003      	MOVLW      3
0x045E	0x00AE      	MOVWF      _state
0x045F	0x2C69      	GOTO       L_main25
L_main24:
;radar.c,180 :: 		else if (last_state == WAIT2) state = OK;
0x0460	0x0837      	MOVF       _last_state, 0
0x0461	0x3A04      	XORLW      4
0x0462	0x1D03      	BTFSS      STATUS, 2
0x0463	0x2C67      	GOTO       L_main26
0x0464	0x3006      	MOVLW      6
0x0465	0x00AE      	MOVWF      _state
0x0466	0x2C69      	GOTO       L_main27
L_main26:
;radar.c,181 :: 		else state = ERROR;
0x0467	0x3007      	MOVLW      7
0x0468	0x00AE      	MOVWF      _state
L_main27:
L_main25:
;radar.c,183 :: 		last_state = READ2;
0x0469	0x3002      	MOVLW      2
0x046A	0x00B7      	MOVWF      _last_state
;radar.c,184 :: 		timeout = 0;
0x046B	0x01B3      	CLRF       _timeout
0x046C	0x01B4      	CLRF       _timeout+1
0x046D	0x01B5      	CLRF       _timeout+2
0x046E	0x01B6      	CLRF       _timeout+3
;radar.c,185 :: 		break;
0x046F	0x2DF2      	GOTO       L_main16
;radar.c,187 :: 		case WAIT1: /* Aguarda pela leitura do SENSOR1 */
L_main28:
;radar.c,191 :: 		delay_ms(1);
0x0470	0x3007      	MOVLW      7
0x0471	0x00FC      	MOVWF      R12
0x0472	0x307D      	MOVLW      125
0x0473	0x00FD      	MOVWF      R13
L_main29:
0x0474	0x0BFD      	DECFSZ     R13, 1
0x0475	0x2C74      	GOTO       L_main29
0x0476	0x0BFC      	DECFSZ     R12, 1
0x0477	0x2C74      	GOTO       L_main29
;radar.c,192 :: 		if (++timeout >= TIMEOUT_ERROR) state = ERROR;
0x0478	0x0833      	MOVF       _timeout, 0
0x0479	0x00F0      	MOVWF      R0
0x047A	0x0834      	MOVF       _timeout+1, 0
0x047B	0x00F1      	MOVWF      R0+1
0x047C	0x0835      	MOVF       _timeout+2, 0
0x047D	0x00F2      	MOVWF      R0+2
0x047E	0x0836      	MOVF       _timeout+3, 0
0x047F	0x00F3      	MOVWF      R0+3
0x0480	0x0AF0      	INCF       R0, 1
0x0481	0x1903      	BTFSC      STATUS, 2
0x0482	0x0AF1      	INCF       R0+1, 1
0x0483	0x1903      	BTFSC      STATUS, 2
0x0484	0x0AF2      	INCF       R0+2, 1
0x0485	0x1903      	BTFSC      STATUS, 2
0x0486	0x0AF3      	INCF       R0+3, 1
0x0487	0x0870      	MOVF       R0, 0
0x0488	0x00B3      	MOVWF      _timeout
0x0489	0x0871      	MOVF       R0+1, 0
0x048A	0x00B4      	MOVWF      _timeout+1
0x048B	0x0872      	MOVF       R0+2, 0
0x048C	0x00B5      	MOVWF      _timeout+2
0x048D	0x0873      	MOVF       R0+3, 0
0x048E	0x00B6      	MOVWF      _timeout+3
0x048F	0x3080      	MOVLW      128
0x0490	0x0636      	XORWF      _timeout+3, 0
0x0491	0x00F0      	MOVWF      R0
0x0492	0x3080      	MOVLW      128
0x0493	0x0270      	SUBWF      R0, 0
0x0494	0x1D03      	BTFSS      STATUS, 2
0x0495	0x2CA0      	GOTO       L__main57
0x0496	0x3000      	MOVLW      0
0x0497	0x0235      	SUBWF      _timeout+2, 0
0x0498	0x1D03      	BTFSS      STATUS, 2
0x0499	0x2CA0      	GOTO       L__main57
0x049A	0x300B      	MOVLW      11
0x049B	0x0234      	SUBWF      _timeout+1, 0
0x049C	0x1D03      	BTFSS      STATUS, 2
0x049D	0x2CA0      	GOTO       L__main57
0x049E	0x30B8      	MOVLW      184
0x049F	0x0233      	SUBWF      _timeout, 0
L__main57:
0x04A0	0x1C03      	BTFSS      STATUS, 0
0x04A1	0x2CA4      	GOTO       L_main30
0x04A2	0x3007      	MOVLW      7
0x04A3	0x00AE      	MOVWF      _state
L_main30:
;radar.c,194 :: 		last_state = WAIT1;
0x04A4	0x3003      	MOVLW      3
0x04A5	0x00B7      	MOVWF      _last_state
;radar.c,195 :: 		break;
0x04A6	0x2DF2      	GOTO       L_main16
;radar.c,197 :: 		case WAIT2: /* Aguarda pela leitura do SENSOR2 */
L_main31:
;radar.c,201 :: 		delay_ms(1);
0x04A7	0x3007      	MOVLW      7
0x04A8	0x00FC      	MOVWF      R12
0x04A9	0x307D      	MOVLW      125
0x04AA	0x00FD      	MOVWF      R13
L_main32:
0x04AB	0x0BFD      	DECFSZ     R13, 1
0x04AC	0x2CAB      	GOTO       L_main32
0x04AD	0x0BFC      	DECFSZ     R12, 1
0x04AE	0x2CAB      	GOTO       L_main32
;radar.c,202 :: 		if (++timeout >= TIMEOUT_ERROR) state = ERROR;
0x04AF	0x0833      	MOVF       _timeout, 0
0x04B0	0x00F0      	MOVWF      R0
0x04B1	0x0834      	MOVF       _timeout+1, 0
0x04B2	0x00F1      	MOVWF      R0+1
0x04B3	0x0835      	MOVF       _timeout+2, 0
0x04B4	0x00F2      	MOVWF      R0+2
0x04B5	0x0836      	MOVF       _timeout+3, 0
0x04B6	0x00F3      	MOVWF      R0+3
0x04B7	0x0AF0      	INCF       R0, 1
0x04B8	0x1903      	BTFSC      STATUS, 2
0x04B9	0x0AF1      	INCF       R0+1, 1
0x04BA	0x1903      	BTFSC      STATUS, 2
0x04BB	0x0AF2      	INCF       R0+2, 1
0x04BC	0x1903      	BTFSC      STATUS, 2
0x04BD	0x0AF3      	INCF       R0+3, 1
0x04BE	0x0870      	MOVF       R0, 0
0x04BF	0x00B3      	MOVWF      _timeout
0x04C0	0x0871      	MOVF       R0+1, 0
0x04C1	0x00B4      	MOVWF      _timeout+1
0x04C2	0x0872      	MOVF       R0+2, 0
0x04C3	0x00B5      	MOVWF      _timeout+2
0x04C4	0x0873      	MOVF       R0+3, 0
0x04C5	0x00B6      	MOVWF      _timeout+3
0x04C6	0x3080      	MOVLW      128
0x04C7	0x0636      	XORWF      _timeout+3, 0
0x04C8	0x00F0      	MOVWF      R0
0x04C9	0x3080      	MOVLW      128
0x04CA	0x0270      	SUBWF      R0, 0
0x04CB	0x1D03      	BTFSS      STATUS, 2
0x04CC	0x2CD7      	GOTO       L__main58
0x04CD	0x3000      	MOVLW      0
0x04CE	0x0235      	SUBWF      _timeout+2, 0
0x04CF	0x1D03      	BTFSS      STATUS, 2
0x04D0	0x2CD7      	GOTO       L__main58
0x04D1	0x300B      	MOVLW      11
0x04D2	0x0234      	SUBWF      _timeout+1, 0
0x04D3	0x1D03      	BTFSS      STATUS, 2
0x04D4	0x2CD7      	GOTO       L__main58
0x04D5	0x30B8      	MOVLW      184
0x04D6	0x0233      	SUBWF      _timeout, 0
L__main58:
0x04D7	0x1C03      	BTFSS      STATUS, 0
0x04D8	0x2CDB      	GOTO       L_main33
0x04D9	0x3007      	MOVLW      7
0x04DA	0x00AE      	MOVWF      _state
L_main33:
;radar.c,204 :: 		last_state = WAIT2;
0x04DB	0x3004      	MOVLW      4
0x04DC	0x00B7      	MOVWF      _last_state
;radar.c,205 :: 		break;
0x04DD	0x2DF2      	GOTO       L_main16
;radar.c,207 :: 		case WAITEN: /* Aguarda tempo para liberar próxima leitura */
L_main34:
;radar.c,211 :: 		delay_ms(1);
0x04DE	0x3007      	MOVLW      7
0x04DF	0x00FC      	MOVWF      R12
0x04E0	0x307D      	MOVLW      125
0x04E1	0x00FD      	MOVWF      R13
L_main35:
0x04E2	0x0BFD      	DECFSZ     R13, 1
0x04E3	0x2CE2      	GOTO       L_main35
0x04E4	0x0BFC      	DECFSZ     R12, 1
0x04E5	0x2CE2      	GOTO       L_main35
;radar.c,212 :: 		if (++timeout >= TIMEOUT_ENABLE) state = IDLE;
0x04E6	0x0833      	MOVF       _timeout, 0
0x04E7	0x00F0      	MOVWF      R0
0x04E8	0x0834      	MOVF       _timeout+1, 0
0x04E9	0x00F1      	MOVWF      R0+1
0x04EA	0x0835      	MOVF       _timeout+2, 0
0x04EB	0x00F2      	MOVWF      R0+2
0x04EC	0x0836      	MOVF       _timeout+3, 0
0x04ED	0x00F3      	MOVWF      R0+3
0x04EE	0x0AF0      	INCF       R0, 1
0x04EF	0x1903      	BTFSC      STATUS, 2
0x04F0	0x0AF1      	INCF       R0+1, 1
0x04F1	0x1903      	BTFSC      STATUS, 2
0x04F2	0x0AF2      	INCF       R0+2, 1
0x04F3	0x1903      	BTFSC      STATUS, 2
0x04F4	0x0AF3      	INCF       R0+3, 1
0x04F5	0x0870      	MOVF       R0, 0
0x04F6	0x00B3      	MOVWF      _timeout
0x04F7	0x0871      	MOVF       R0+1, 0
0x04F8	0x00B4      	MOVWF      _timeout+1
0x04F9	0x0872      	MOVF       R0+2, 0
0x04FA	0x00B5      	MOVWF      _timeout+2
0x04FB	0x0873      	MOVF       R0+3, 0
0x04FC	0x00B6      	MOVWF      _timeout+3
0x04FD	0x3080      	MOVLW      128
0x04FE	0x0636      	XORWF      _timeout+3, 0
0x04FF	0x00F0      	MOVWF      R0
0x0500	0x3080      	MOVLW      128
0x0501	0x0270      	SUBWF      R0, 0
0x0502	0x1D03      	BTFSS      STATUS, 2
0x0503	0x2D0E      	GOTO       L__main59
0x0504	0x3000      	MOVLW      0
0x0505	0x0235      	SUBWF      _timeout+2, 0
0x0506	0x1D03      	BTFSS      STATUS, 2
0x0507	0x2D0E      	GOTO       L__main59
0x0508	0x3003      	MOVLW      3
0x0509	0x0234      	SUBWF      _timeout+1, 0
0x050A	0x1D03      	BTFSS      STATUS, 2
0x050B	0x2D0E      	GOTO       L__main59
0x050C	0x30E8      	MOVLW      232
0x050D	0x0233      	SUBWF      _timeout, 0
L__main59:
0x050E	0x1C03      	BTFSS      STATUS, 0
0x050F	0x2D11      	GOTO       L_main36
0x0510	0x01AE      	CLRF       _state
L_main36:
;radar.c,214 :: 		last_state = WAITEN;
0x0511	0x3005      	MOVLW      5
0x0512	0x00B7      	MOVWF      _last_state
;radar.c,215 :: 		break;
0x0513	0x2DF2      	GOTO       L_main16
;radar.c,217 :: 		case OK: /* Leitura concluída */
L_main37:
;radar.c,221 :: 		delta_ticks = abs(ticks2 - ticks1);
0x0514	0x082A      	MOVF       _ticks1, 0
0x0515	0x022F      	SUBWF      _ticks2, 0
0x0516	0x00C4      	MOVWF      FARG_abs_a
0x0517	0x082B      	MOVF       _ticks1+1, 0
0x0518	0x1C03      	BTFSS      STATUS, 0
0x0519	0x3E01      	ADDLW      1
0x051A	0x0230      	SUBWF      _ticks2+1, 0
0x051B	0x00C5      	MOVWF      FARG_abs_a+1
0x051C	0x22F8      	CALL       _abs
0x051D	0x0870      	MOVF       R0, 0
0x051E	0x00BC      	MOVWF      main_delta_ticks_L0
0x051F	0x0871      	MOVF       R0+1, 0
0x0520	0x00BD      	MOVWF      main_delta_ticks_L0+1
0x0521	0x3000      	MOVLW      0
0x0522	0x1BBD      	BTFSC      main_delta_ticks_L0+1, 7
0x0523	0x30FF      	MOVLW      255
0x0524	0x00BE      	MOVWF      main_delta_ticks_L0+2
0x0525	0x00BF      	MOVWF      main_delta_ticks_L0+3
;radar.c,222 :: 		speed_km_h = 3.6f * (DELTA_S / (float)(delta_ticks * TICK_TMR1));
0x0526	0x083C      	MOVF       main_delta_ticks_L0, 0
0x0527	0x00F0      	MOVWF      R0
0x0528	0x083D      	MOVF       main_delta_ticks_L0+1, 0
0x0529	0x00F1      	MOVWF      R0+1
0x052A	0x083E      	MOVF       main_delta_ticks_L0+2, 0
0x052B	0x00F2      	MOVWF      R0+2
0x052C	0x083F      	MOVF       main_delta_ticks_L0+3, 0
0x052D	0x00F3      	MOVWF      R0+3
0x052E	0x23D6      	CALL       _longint2double
0x052F	0x3017      	MOVLW      23
0x0530	0x00F4      	MOVWF      R4
0x0531	0x30B7      	MOVLW      183
0x0532	0x00F5      	MOVWF      R4+1
0x0533	0x3051      	MOVLW      81
0x0534	0x00F6      	MOVWF      R4+2
0x0535	0x3072      	MOVLW      114
0x0536	0x00F7      	MOVWF      R4+3
0x0537	0x2204      	CALL       _Mul_32x32_FP
0x0538	0x0870      	MOVF       R0, 0
0x0539	0x00F4      	MOVWF      R4
0x053A	0x0871      	MOVF       R0+1, 0
0x053B	0x00F5      	MOVWF      R4+1
0x053C	0x0872      	MOVF       R0+2, 0
0x053D	0x00F6      	MOVWF      R4+2
0x053E	0x0873      	MOVF       R0+3, 0
0x053F	0x00F7      	MOVWF      R4+3
0x0540	0x3000      	MOVLW      0
0x0541	0x00F0      	MOVWF      R0
0x0542	0x3000      	MOVLW      0
0x0543	0x00F1      	MOVWF      R0+1
0x0544	0x3000      	MOVLW      0
0x0545	0x00F2      	MOVWF      R0+2
0x0546	0x3080      	MOVLW      128
0x0547	0x00F3      	MOVWF      R0+3
0x0548	0x231F      	CALL       _Div_32x32_FP
0x0549	0x3066      	MOVLW      102
0x054A	0x00F4      	MOVWF      R4
0x054B	0x3066      	MOVLW      102
0x054C	0x00F5      	MOVWF      R4+1
0x054D	0x3066      	MOVLW      102
0x054E	0x00F6      	MOVWF      R4+2
0x054F	0x3080      	MOVLW      128
0x0550	0x00F7      	MOVWF      R4+3
0x0551	0x2204      	CALL       _Mul_32x32_FP
0x0552	0x0870      	MOVF       R0, 0
0x0553	0x00C0      	MOVWF      main_speed_km_h_L0
0x0554	0x0871      	MOVF       R0+1, 0
0x0555	0x00C1      	MOVWF      main_speed_km_h_L0+1
0x0556	0x0872      	MOVF       R0+2, 0
0x0557	0x00C2      	MOVWF      main_speed_km_h_L0+2
0x0558	0x0873      	MOVF       R0+3, 0
0x0559	0x00C3      	MOVWF      main_speed_km_h_L0+3
;radar.c,225 :: 		if (speed_km_h > SPEED_LIMIT)
0x055A	0x0870      	MOVF       R0, 0
0x055B	0x00F4      	MOVWF      R4
0x055C	0x0871      	MOVF       R0+1, 0
0x055D	0x00F5      	MOVWF      R4+1
0x055E	0x0872      	MOVF       R0+2, 0
0x055F	0x00F6      	MOVWF      R4+2
0x0560	0x0873      	MOVF       R0+3, 0
0x0561	0x00F7      	MOVWF      R4+3
0x0562	0x3000      	MOVLW      0
0x0563	0x00F0      	MOVWF      R0
0x0564	0x3000      	MOVLW      0
0x0565	0x00F1      	MOVWF      R0+1
0x0566	0x3020      	MOVLW      32
0x0567	0x00F2      	MOVWF      R0+2
0x0568	0x3083      	MOVLW      131
0x0569	0x00F3      	MOVWF      R0+3
0x056A	0x22A8      	CALL       _Compare_Double
0x056B	0x3001      	MOVLW      1
0x056C	0x1803      	BTFSC      STATUS, 0
0x056D	0x3000      	MOVLW      0
0x056E	0x00F0      	MOVWF      R0
0x056F	0x0870      	MOVF       R0, 0
0x0570	0x1903      	BTFSC      STATUS, 2
0x0571	0x2D9B      	GOTO       L_main38
;radar.c,229 :: 		delta_ticks = tmr1;
0x0572	0x0826      	MOVF       _tmr1, 0
0x0573	0x00BC      	MOVWF      main_delta_ticks_L0
0x0574	0x0827      	MOVF       _tmr1+1, 0
0x0575	0x00BD      	MOVWF      main_delta_ticks_L0+1
0x0576	0x0828      	MOVF       _tmr1+2, 0
0x0577	0x00BE      	MOVWF      main_delta_ticks_L0+2
0x0578	0x0829      	MOVF       _tmr1+3, 0
0x0579	0x00BF      	MOVWF      main_delta_ticks_L0+3
;radar.c,230 :: 		ALERT = 1;          // Liga a saída da sirene
0x057A	0x1486      	BSF        PORTB, 1
;radar.c,232 :: 		if (speed_km_h > 99) speed_km_h = 99;
0x057B	0x0840      	MOVF       main_speed_km_h_L0, 0
0x057C	0x00F4      	MOVWF      R4
0x057D	0x0841      	MOVF       main_speed_km_h_L0+1, 0
0x057E	0x00F5      	MOVWF      R4+1
0x057F	0x0842      	MOVF       main_speed_km_h_L0+2, 0
0x0580	0x00F6      	MOVWF      R4+2
0x0581	0x0843      	MOVF       main_speed_km_h_L0+3, 0
0x0582	0x00F7      	MOVWF      R4+3
0x0583	0x3000      	MOVLW      0
0x0584	0x00F0      	MOVWF      R0
0x0585	0x3000      	MOVLW      0
0x0586	0x00F1      	MOVWF      R0+1
0x0587	0x3046      	MOVLW      70
0x0588	0x00F2      	MOVWF      R0+2
0x0589	0x3085      	MOVLW      133
0x058A	0x00F3      	MOVWF      R0+3
0x058B	0x22A8      	CALL       _Compare_Double
0x058C	0x3001      	MOVLW      1
0x058D	0x1803      	BTFSC      STATUS, 0
0x058E	0x3000      	MOVLW      0
0x058F	0x00F0      	MOVWF      R0
0x0590	0x0870      	MOVF       R0, 0
0x0591	0x1903      	BTFSC      STATUS, 2
0x0592	0x2D9B      	GOTO       L_main39
0x0593	0x3000      	MOVLW      0
0x0594	0x00C0      	MOVWF      main_speed_km_h_L0
0x0595	0x3000      	MOVLW      0
0x0596	0x00C1      	MOVWF      main_speed_km_h_L0+1
0x0597	0x3046      	MOVLW      70
0x0598	0x00C2      	MOVWF      main_speed_km_h_L0+2
0x0599	0x3085      	MOVLW      133
0x059A	0x00C3      	MOVWF      main_speed_km_h_L0+3
L_main39:
;radar.c,233 :: 		}
L_main38:
;radar.c,236 :: 		PORTC = decToBcd((uint8_t)(speed_km_h + 0.5f));
0x059B	0x0840      	MOVF       main_speed_km_h_L0, 0
0x059C	0x00F0      	MOVWF      R0
0x059D	0x0841      	MOVF       main_speed_km_h_L0+1, 0
0x059E	0x00F1      	MOVWF      R0+1
0x059F	0x0842      	MOVF       main_speed_km_h_L0+2, 0
0x05A0	0x00F2      	MOVWF      R0+2
0x05A1	0x0843      	MOVF       main_speed_km_h_L0+3, 0
0x05A2	0x00F3      	MOVWF      R0+3
0x05A3	0x3000      	MOVLW      0
0x05A4	0x00F4      	MOVWF      R4
0x05A5	0x3000      	MOVLW      0
0x05A6	0x00F5      	MOVWF      R4+1
0x05A7	0x3000      	MOVLW      0
0x05A8	0x00F6      	MOVWF      R4+2
0x05A9	0x307E      	MOVLW      126
0x05AA	0x00F7      	MOVWF      R4+3
0x05AB	0x2164      	CALL       _Add_32x32_FP
0x05AC	0x2265      	CALL       _double2byte
0x05AD	0x0870      	MOVF       R0, 0
0x05AE	0x00C4      	MOVWF      FARG_decToBcd_val
0x05AF	0x2149      	CALL       _decToBcd
0x05B0	0x0870      	MOVF       R0, 0
0x05B1	0x0087      	MOVWF      PORTC
;radar.c,238 :: 		state = WAITEN;
0x05B2	0x3005      	MOVLW      5
0x05B3	0x00AE      	MOVWF      _state
;radar.c,239 :: 		last_state = OK;
0x05B4	0x3006      	MOVLW      6
0x05B5	0x00B7      	MOVWF      _last_state
;radar.c,240 :: 		timeout = 0;
0x05B6	0x01B3      	CLRF       _timeout
0x05B7	0x01B4      	CLRF       _timeout+1
0x05B8	0x01B5      	CLRF       _timeout+2
0x05B9	0x01B6      	CLRF       _timeout+3
;radar.c,241 :: 		break;
0x05BA	0x2DF2      	GOTO       L_main16
;radar.c,243 :: 		case ERROR: /* Erro na leitura */
L_main40:
;radar.c,244 :: 		if (last_state == WAIT1 || last_state == WAIT2)
0x05BB	0x0837      	MOVF       _last_state, 0
0x05BC	0x3A03      	XORLW      3
0x05BD	0x1903      	BTFSC      STATUS, 2
0x05BE	0x2DC4      	GOTO       L__main52
0x05BF	0x0837      	MOVF       _last_state, 0
0x05C0	0x3A04      	XORLW      4
0x05C1	0x1903      	BTFSC      STATUS, 2
0x05C2	0x2DC4      	GOTO       L__main52
0x05C3	0x2DC6      	GOTO       L_main43
L__main52:
;radar.c,247 :: 		PORTC = 0x00;
0x05C4	0x0187      	CLRF       PORTC
;radar.c,248 :: 		}
0x05C5	0x2DC8      	GOTO       L_main44
L_main43:
;radar.c,252 :: 		PORTC = 0xFF;
0x05C6	0x30FF      	MOVLW      255
0x05C7	0x0087      	MOVWF      PORTC
;radar.c,253 :: 		}
L_main44:
;radar.c,255 :: 		state = IDLE;
0x05C8	0x01AE      	CLRF       _state
;radar.c,256 :: 		last_state = ERROR;
0x05C9	0x3007      	MOVLW      7
0x05CA	0x00B7      	MOVWF      _last_state
;radar.c,257 :: 		timeout = 0;
0x05CB	0x01B3      	CLRF       _timeout
0x05CC	0x01B4      	CLRF       _timeout+1
0x05CD	0x01B5      	CLRF       _timeout+2
0x05CE	0x01B6      	CLRF       _timeout+3
;radar.c,258 :: 		break;
0x05CF	0x2DF2      	GOTO       L_main16
;radar.c,260 :: 		default:
L_main45:
;radar.c,261 :: 		break;
0x05D0	0x2DF2      	GOTO       L_main16
;radar.c,263 :: 		} // Fim do switch
L_main15:
0x05D1	0x082E      	MOVF       _state, 0
0x05D2	0x3A00      	XORLW      0
0x05D3	0x1903      	BTFSC      STATUS, 2
0x05D4	0x2C40      	GOTO       L_main17
0x05D5	0x082E      	MOVF       _state, 0
0x05D6	0x3A01      	XORLW      1
0x05D7	0x1903      	BTFSC      STATUS, 2
0x05D8	0x2C42      	GOTO       L_main18
0x05D9	0x082E      	MOVF       _state, 0
0x05DA	0x3A02      	XORLW      2
0x05DB	0x1903      	BTFSC      STATUS, 2
0x05DC	0x2C59      	GOTO       L_main23
0x05DD	0x082E      	MOVF       _state, 0
0x05DE	0x3A03      	XORLW      3
0x05DF	0x1903      	BTFSC      STATUS, 2
0x05E0	0x2C70      	GOTO       L_main28
0x05E1	0x082E      	MOVF       _state, 0
0x05E2	0x3A04      	XORLW      4
0x05E3	0x1903      	BTFSC      STATUS, 2
0x05E4	0x2CA7      	GOTO       L_main31
0x05E5	0x082E      	MOVF       _state, 0
0x05E6	0x3A05      	XORLW      5
0x05E7	0x1903      	BTFSC      STATUS, 2
0x05E8	0x2CDE      	GOTO       L_main34
0x05E9	0x082E      	MOVF       _state, 0
0x05EA	0x3A06      	XORLW      6
0x05EB	0x1903      	BTFSC      STATUS, 2
0x05EC	0x2D14      	GOTO       L_main37
0x05ED	0x082E      	MOVF       _state, 0
0x05EE	0x3A07      	XORLW      7
0x05EF	0x1903      	BTFSC      STATUS, 2
0x05F0	0x2DBB      	GOTO       L_main40
0x05F1	0x2DD0      	GOTO       L_main45
L_main16:
;radar.c,266 :: 		if (ALERT == 1)
0x05F2	0x1C86      	BTFSS      PORTB, 1
0x05F3	0x2E2D      	GOTO       L_main46
;radar.c,268 :: 		if (((tmr1 - delta_ticks) * TICK_TMR1) > ALERT_TIME) ALERT = 0;
0x05F4	0x0826      	MOVF       _tmr1, 0
0x05F5	0x00F0      	MOVWF      R0
0x05F6	0x0827      	MOVF       _tmr1+1, 0
0x05F7	0x00F1      	MOVWF      R0+1
0x05F8	0x0828      	MOVF       _tmr1+2, 0
0x05F9	0x00F2      	MOVWF      R0+2
0x05FA	0x0829      	MOVF       _tmr1+3, 0
0x05FB	0x00F3      	MOVWF      R0+3
0x05FC	0x083C      	MOVF       main_delta_ticks_L0, 0
0x05FD	0x02F0      	SUBWF      R0, 1
0x05FE	0x083D      	MOVF       main_delta_ticks_L0+1, 0
0x05FF	0x1C03      	BTFSS      STATUS, 0
0x0600	0x0F3D      	INCFSZ     main_delta_ticks_L0+1, 0
0x0601	0x02F1      	SUBWF      R0+1, 1
0x0602	0x083E      	MOVF       main_delta_ticks_L0+2, 0
0x0603	0x1C03      	BTFSS      STATUS, 0
0x0604	0x0F3E      	INCFSZ     main_delta_ticks_L0+2, 0
0x0605	0x02F2      	SUBWF      R0+2, 1
0x0606	0x083F      	MOVF       main_delta_ticks_L0+3, 0
0x0607	0x1C03      	BTFSS      STATUS, 0
0x0608	0x0F3F      	INCFSZ     main_delta_ticks_L0+3, 0
0x0609	0x02F3      	SUBWF      R0+3, 1
0x060A	0x23D6      	CALL       _longint2double
0x060B	0x3017      	MOVLW      23
0x060C	0x00F4      	MOVWF      R4
0x060D	0x30B7      	MOVLW      183
0x060E	0x00F5      	MOVWF      R4+1
0x060F	0x3051      	MOVLW      81
0x0610	0x00F6      	MOVWF      R4+2
0x0611	0x3072      	MOVLW      114
0x0612	0x00F7      	MOVWF      R4+3
0x0613	0x2204      	CALL       _Mul_32x32_FP
0x0614	0x0870      	MOVF       R0, 0
0x0615	0x00F4      	MOVWF      R4
0x0616	0x0871      	MOVF       R0+1, 0
0x0617	0x00F5      	MOVWF      R4+1
0x0618	0x0872      	MOVF       R0+2, 0
0x0619	0x00F6      	MOVWF      R4+2
0x061A	0x0873      	MOVF       R0+3, 0
0x061B	0x00F7      	MOVWF      R4+3
0x061C	0x3000      	MOVLW      0
0x061D	0x00F0      	MOVWF      R0
0x061E	0x3000      	MOVLW      0
0x061F	0x00F1      	MOVWF      R0+1
0x0620	0x3000      	MOVLW      0
0x0621	0x00F2      	MOVWF      R0+2
0x0622	0x3080      	MOVLW      128
0x0623	0x00F3      	MOVWF      R0+3
0x0624	0x22A8      	CALL       _Compare_Double
0x0625	0x3001      	MOVLW      1
0x0626	0x1803      	BTFSC      STATUS, 0
0x0627	0x3000      	MOVLW      0
0x0628	0x00F0      	MOVWF      R0
0x0629	0x0870      	MOVF       R0, 0
0x062A	0x1903      	BTFSC      STATUS, 2
0x062B	0x2E2D      	GOTO       L_main47
0x062C	0x1086      	BCF        PORTB, 1
L_main47:
;radar.c,269 :: 		}
L_main46:
;radar.c,272 :: 		} // Fim do while
0x062D	0x2C3F      	GOTO       L_main13
;radar.c,274 :: 		} // Fim da main
L_end_main:
0x062E	0x2E2E      	GOTO       $+0
; end of _main
Symbol List:
//** Routines locations **
//ADDRESS    SIZE    PROCEDURE
//----------------------------------------------
0x0004     [113]    _interrupt
0x0075       [7]    _RES032
0x007C      [12]    _SETFUN32
0x0088       [4]    _FIXSIGN32
0x008C      [12]    _SETFOV32
0x0098      [47]    _NRM3232
0x00C7      [17]    _Div_8X8_U
0x00D8       [7]    _____DoICP
0x00DF       [3]    _SETFDZ32
0x00E2      [13]    _SETIOV3224
0x00EF      [90]    _NRM4032
0x0149      [27]    _decToBcd
0x0164     [160]    _Add_32x32_FP
0x0204      [97]    _Mul_32x32_FP
0x0265      [67]    _double2byte
0x02A8      [80]    _Compare_Double
0x02F8      [27]    _abs
0x0313      [12]    ___CC2DW
0x031F     [183]    _Div_32x32_FP
0x03D6      [34]    _longint2double
0x03F8     [567]    _main
//** Variables locations ** 
//ADDRESS    SIZE    VARIABLE
//----------------------------------------------
0x0000       [1]    INDF
0x0002       [1]    PCL
0x0003       [1]    STATUS
0x0004       [1]    FSR
0x0006       [1]    PORTB
0x0007       [1]    PORTC
0x0008       [1]    PORTD
0x000A       [1]    PCLATH
0x000B       [1]    INTCON
0x000C       [1]    PIR1
0x000E       [1]    TMR1L
0x000F       [1]    TMR1H
0x0010       [1]    T1CON
0x0020       [1]    __math_tempbD
0x0025       [1]    _temp
0x0026       [4]    _tmr1
0x002A       [4]    _ticks1
0x002E       [1]    _state
0x002F       [4]    _ticks2
0x0033       [4]    _timeout
0x0037       [1]    _last_state
0x0038       [2]    ___DoICPAddr
0x003A       [1]    ___savePCLATH
0x003B       [1]    ___saveSTATUS
0x003C       [4]    main_delta_ticks_L0
0x0040       [4]    main_speed_km_h_L0
0x0044       [1]    FARG_decToBcd_val
0x0044       [2]    FARG_abs_a
0x0045       [1]    FLOC__decToBcd
0x0070       [1]    R0
0x0071       [1]    R1
0x0072       [1]    R2
0x0073       [1]    R3
0x0074       [1]    R4
0x0075       [1]    R5
0x0076       [1]    R6
0x0077       [1]    R7
0x0078       [1]    R8
0x0079       [1]    R9
0x007A       [1]    R10
0x007B       [1]    R11
0x007C       [1]    R12
0x007D       [1]    R13
0x007E       [1]    R14
0x007F       [1]    R15
0x0086       [1]    TRISB
0x0087       [1]    TRISC
0x0088       [1]    TRISD
0x008C       [1]    PIE1
0x009F       [1]    ADCON1
